
  {
    "Date": "Mon-Mar-07-2022-11:20:27",
      "Execution Time: Network Request": 37.89,
      "Execution Time: Query": 0.099,
      "Net.Req. Method": "GET",
      "Enpoint": "/reviews/",
      "Query": "explain (analyze, timing, format json) SELECT * FROM reviews where id = 5"
      
  }
  
    "Date": "Sun-Mar-06-2022-20:21:51",
      "Execution Time: Network Request": 38.75,
      "Execution Time: Query": 0.067,
      "Net.Req. Method": "GET",
      "Enpoint": "/reviews/",
      "Query": "explain (analyze, timing, format json) SELECT * FROM reviews where id = 5"
      
  }
  
    "Date": "Sun-Mar-06-2022-20:21:43",
      "Execution Time: Network Request": 17.34,
      "Execution Time: Query": 0.022,
      "Net.Req. Method": "GET",
      "Enpoint": "/reviews/",
      "Query": "explain (analyze, timing, format json) SELECT * FROM reviews where id = 5"
      
  }
  
    "Date": "Sun-Mar-06-2022-20:21:10",
      "Execution Time: Network Request": 31.79,
      "Execution Time: Query": 0.118,
      "Net.Req. Method": "GET",
      "Enpoint": "/reviews/",
      "Query": "explain (analyze, timing, format json) SELECT * FROM reviews where id = 5"
      
  }
  
    "Date": "Sun-Mar-06-2022-19:06:52",
      "Execution Time: Network Request": 205.77,
      "Execution Time: Query": 0.832,
      "Net.Req. Method": "GET",
      "Enpoint": "/reviews/",
      "Query": "explain (analyze, timing, format json) SELECT * FROM reviews where id = 5"
      
  }
  
    "Date": "Sun-Mar-06-2022-18:11:01",
      "Execution Time: Network Request": 31.2,
      "Execution Time: Query": 0.04,
      "Net.Req. Method": "GET",
      "Enpoint": "/reviews/",
      "QueryUsed": "explain (analyze, timing, format json) SELECT * FROM reviews where id = 5"
      
  }
  
    "Date": "Sun-Mar-06-2022-18:10:16",
      "Execution Time: Network Request": "33.67 ms",
      "Execution Time: Query": "0.038",
      "Net.Req. Method": "GET",
      "Enpoint": "/reviews/",
      "QueryUsed": "explain (analyze, timing, format json) SELECT * FROM reviews where id = 5"
      
  }
  
    "Date": "Sun-Mar-06-2022-18:07:16",
      "Execution Time: Network Request": "33.48 ms",
      "Execution Time: Query": "0.039",
      "Net.Req. Method": "GET",
      "Enpoint": "/reviews/",
      "QueryUsed": "explain (analyze, timing, format json) SELECT * FROM reviews where id = 5"
      
  }
  
    "Date": "Sun-Mar-06-2022-18:07:04",
      "Execution Time: Network Request": "32.86 ms",
      "Execution Time: Query": "0.069",
      "Net.Req. Method": "GET",
      "Enpoint": "/reviews/",
      "QueryUsed": "explain (analyze, timing, format json) SELECT * FROM reviews where id = 5"
      
  }
  
    "Date": "Sun-Mar-06-2022-18:04:59",
      "Execution Time: Network Request": "31.16 ms",
      "Execution Time: Query": "0.04",
      "Net.Req. Method": "GET",
      "Enpoint": "/reviews/",
      "QueryUsed": "explain (analyze, timing, format json) SELECT * FROM reviews where id = 5"
      ,[
  {
    "QUERY PLAN": [
      {
        "Plan": {
          "Node Type": "Index Scan",
          "Parallel Aware": false,
          "Scan Direction": "Forward",
          "Index Name": "reviews_pkey",
          "Relation Name": "reviews",
          "Alias": "reviews",
          "Startup Cost": 0.42,
          "Total Cost": 8.44,
          "Plan Rows": 1,
          "Plan Width": 315,
          "Actual Startup Time": 0.007,
          "Actual Total Time": 0.007,
          "Actual Rows": 1,
          "Actual Loops": 1,
          "Index Cond": "(id = 5)",
          "Rows Removed by Index Recheck": 0
        },
        "Planning Time": 0.3,
        "Triggers": [],
        "Execution Time": 0.04
      },
      {
        "Execution Time: Network Request": "31.16 ms",
        "Execution Time: Query": "0.04",
        "Net.Req. Method": "GET",
        "Enpoint": "/reviews/",
        "QueryUsed": "explain (analyze, timing, format json) SELECT * FROM reviews where id = 5"
      }
    ]
  }
]
  }
  
    "Date": "Sun-Mar-06-2022-18:03:11",
      "Execution Time: Network Request": "34.4 ms",
      "Execution Time: Query": "0.056",
      "Enpoint": "/reviews/",
      "QueryUsed": "explain (analyze, timing, format json) SELECT * FROM reviews where id = 5"
      ,[
  {
    "QUERY PLAN": [
      {
        "Plan": {
          "Node Type": "Index Scan",
          "Parallel Aware": false,
          "Scan Direction": "Forward",
          "Index Name": "reviews_pkey",
          "Relation Name": "reviews",
          "Alias": "reviews",
          "Startup Cost": 0.42,
          "Total Cost": 8.44,
          "Plan Rows": 1,
          "Plan Width": 315,
          "Actual Startup Time": 0.01,
          "Actual Total Time": 0.01,
          "Actual Rows": 1,
          "Actual Loops": 1,
          "Index Cond": "(id = 5)",
          "Rows Removed by Index Recheck": 0
        },
        "Planning Time": 0.457,
        "Triggers": [],
        "Execution Time": 0.056
      },
      {
        "Execution Time: Network Request": "34.4 ms",
        "Execution Time: Query": "0.056",
        "Enpoint": "/reviews/",
        "QueryUsed": "explain (analyze, timing, format json) SELECT * FROM reviews where id = 5"
      }
    ]
  }
]
  }
  
    "Date": "Sun-Mar-06-2022-18:02:42",
      "Execution Time: Network Request": "34.42 ms",
      "Execution Time: Query": "0.039",
      "Enpoint": "/reviews/",
      "QueryUsed": "explain (analyze, timing, format json) SELECT * FROM reviews where id = 5"
      ,[
  {
    "QUERY PLAN": [
      {
        "Plan": {
          "Node Type": "Index Scan",
          "Parallel Aware": false,
          "Scan Direction": "Forward",
          "Index Name": "reviews_pkey",
          "Relation Name": "reviews",
          "Alias": "reviews",
          "Startup Cost": 0.42,
          "Total Cost": 8.44,
          "Plan Rows": 1,
          "Plan Width": 315,
          "Actual Startup Time": 0.008,
          "Actual Total Time": 0.008,
          "Actual Rows": 1,
          "Actual Loops": 1,
          "Index Cond": "(id = 5)",
          "Rows Removed by Index Recheck": 0
        },
        "Planning Time": 0.295,
        "Triggers": [],
        "Execution Time": 0.039
      }
    ]
  }
]
  }
  
    "Date": "Sun-Mar-06-2022-17:58:32",
      "Execution Time: Network Request": "31.46 ms",
      "Execution Time: Query": "0.038",
      "Enpoint": "/reviews/",
      "QueryUsed": [explain (analyze, timing, format json) SELECT * FROM reviews where id = 5]
      ,[
  {
    "QUERY PLAN": [
      {
        "Plan": {
          "Node Type": "Index Scan",
          "Parallel Aware": false,
          "Scan Direction": "Forward",
          "Index Name": "reviews_pkey",
          "Relation Name": "reviews",
          "Alias": "reviews",
          "Startup Cost": 0.42,
          "Total Cost": 8.44,
          "Plan Rows": 1,
          "Plan Width": 315,
          "Actual Startup Time": 0.007,
          "Actual Total Time": 0.007,
          "Actual Rows": 1,
          "Actual Loops": 1,
          "Index Cond": "(id = 5)",
          "Rows Removed by Index Recheck": 0
        },
        "Planning Time": 0.271,
        "Triggers": [],
        "Execution Time": 0.038
      },
      "\n      \"Execution Time: Network Request\": \"31.46 ms\",\n      \"Execution Time: Query\": \"0.038\",\n      \"Enpoint\": \"/reviews/\",\n      \"QueryUsed\": [explain (analyze, timing, format json) SELECT * FROM reviews where id = 5]\n      "
    ]
  }
]
  }
  
    "Date": "Sun-Mar-06-2022-17:56:21",
      "Execution Time: Network Request": "39.04 ms",
      "Execution Time: Query": "0.088",
      "Enpoint": "/reviews/",
      "QueryUsed": [explain (analyze, timing, format json) SELECT * FROM reviews where id = 5]
      ,[
  {
    "QUERY PLAN": [
      {
        "Plan": {
          "Node Type": "Index Scan",
          "Parallel Aware": false,
          "Scan Direction": "Forward",
          "Index Name": "reviews_pkey",
          "Relation Name": "reviews",
          "Alias": "reviews",
          "Startup Cost": 0.42,
          "Total Cost": 8.44,
          "Plan Rows": 1,
          "Plan Width": 315,
          "Actual Startup Time": 0.014,
          "Actual Total Time": 0.015,
          "Actual Rows": 1,
          "Actual Loops": 1,
          "Index Cond": "(id = 5)",
          "Rows Removed by Index Recheck": 0
        },
        "Planning Time": 0.383,
        "Triggers": [],
        "Execution Time": 0.088
      },
      "\n      \"Execution Time: Network Request\": \"39.04 ms\",\n      \"Execution Time: Query\": \"0.088\",\n      \"Enpoint\": \"/reviews/\",\n      \"QueryUsed\": [explain (analyze, timing, format json) SELECT * FROM reviews where id = 5]\n      "
    ]
  }
]
  }
  
    "Date": "Sun-Mar-06-2022-17:56:10",
      "Execution Time: Network Request": "31.02 ms",
      "Execution Time: Query": "0.039",
      "Enpoint": "/reviews/",
      "QueryUsed": [explain (analyze, timing, format json) SELECT * FROM reviews where id = 5]
      ,[
  {
    "QUERY PLAN": [
      {
        "Plan": {
          "Node Type": "Index Scan",
          "Parallel Aware": false,
          "Scan Direction": "Forward",
          "Index Name": "reviews_pkey",
          "Relation Name": "reviews",
          "Alias": "reviews",
          "Startup Cost": 0.42,
          "Total Cost": 8.44,
          "Plan Rows": 1,
          "Plan Width": 315,
          "Actual Startup Time": 0.008,
          "Actual Total Time": 0.008,
          "Actual Rows": 1,
          "Actual Loops": 1,
          "Index Cond": "(id = 5)",
          "Rows Removed by Index Recheck": 0
        },
        "Planning Time": 0.299,
        "Triggers": [],
        "Execution Time": 0.039
      },
      "\n      \"Execution Time: Network Request\": \"31.02 ms\",\n      \"Execution Time: Query\": \"0.039\",\n      \"Enpoint\": \"/reviews/\",\n      \"QueryUsed\": [explain (analyze, timing, format json) SELECT * FROM reviews where id = 5]\n      "
    ]
  }
]
  }
  
    "Date": "Sun-Mar-06-2022-17:55:03",
      "Execution Time: Network Request": "31.75 ms",
      "Execution Time: Query": "0.042",
      "Enpoint": "/reviews/",
      "QueryUsed": [explain (analyze, timing, format json) SELECT * FROM reviews where id = 5]
      ,[
  {
    "QUERY PLAN": [
      {
        "Plan": {
          "Node Type": "Index Scan",
          "Parallel Aware": false,
          "Scan Direction": "Forward",
          "Index Name": "reviews_pkey",
          "Relation Name": "reviews",
          "Alias": "reviews",
          "Startup Cost": 0.42,
          "Total Cost": 8.44,
          "Plan Rows": 1,
          "Plan Width": 315,
          "Actual Startup Time": 0.007,
          "Actual Total Time": 0.008,
          "Actual Rows": 1,
          "Actual Loops": 1,
          "Index Cond": "(id = 5)",
          "Rows Removed by Index Recheck": 0
        },
        "Planning Time": 0.31,
        "Triggers": [],
        "Execution Time": 0.042
      },
      "\n      \"Execution Time: Network Request\": \"31.75 ms\",\n      \"Execution Time: Query\": \"0.042\",\n      \"Enpoint\": \"/reviews/\",\n      \"QueryUsed\": [explain (analyze, timing, format json) SELECT * FROM reviews where id = 5]\n      "
    ]
  }
]
  }
  
    "Date": "Sun-Mar-06-2022-17:54:47",
      "Execution Time: Network Request": "43.04 ms",
      "Execution Time: Query": "0.06",
      "Enpoint": "/reviews/",
      "QueryUsed": [explain (analyze, timing, format json) SELECT * FROM reviews where id = 5]
      ,[
  {
    "QUERY PLAN": [
      {
        "Plan": {
          "Node Type": "Index Scan",
          "Parallel Aware": false,
          "Scan Direction": "Forward",
          "Index Name": "reviews_pkey",
          "Relation Name": "reviews",
          "Alias": "reviews",
          "Startup Cost": 0.42,
          "Total Cost": 8.44,
          "Plan Rows": 1,
          "Plan Width": 315,
          "Actual Startup Time": 0.011,
          "Actual Total Time": 0.012,
          "Actual Rows": 1,
          "Actual Loops": 1,
          "Index Cond": "(id = 5)",
          "Rows Removed by Index Recheck": 0
        },
        "Planning Time": 0.527,
        "Triggers": [],
        "Execution Time": 0.06
      },
      "\n      \"Execution Time: Network Request\": \"43.04 ms\",\n      \"Execution Time: Query\": \"0.06\",\n      \"Enpoint\": \"/reviews/\",\n      \"QueryUsed\": [explain (analyze, timing, format json) SELECT * FROM reviews where id = 5]\n      "
    ]
  }
]
  }
  
    "Date": "Sun-Mar-06-2022-17:49:51",
      "Execution Time - Network Request": "31.65 ms",
      "Execution Time - Query": "0.038",
      "Enpoint": "/reviews/",
      "QueryUsed": [explain (analyze, timing, format json) SELECT * FROM reviews where id = 5]
      ,[
  {
    "QUERY PLAN": [
      {
        "Plan": {
          "Node Type": "Index Scan",
          "Parallel Aware": false,
          "Scan Direction": "Forward",
          "Index Name": "reviews_pkey",
          "Relation Name": "reviews",
          "Alias": "reviews",
          "Startup Cost": 0.42,
          "Total Cost": 8.44,
          "Plan Rows": 1,
          "Plan Width": 315,
          "Actual Startup Time": 0.007,
          "Actual Total Time": 0.008,
          "Actual Rows": 1,
          "Actual Loops": 1,
          "Index Cond": "(id = 5)",
          "Rows Removed by Index Recheck": 0
        },
        "Planning Time": 0.28,
        "Triggers": [],
        "Execution Time": 0.038
      },
      "\"\\n      \\\"Execution Time - Network Request\\\": \\\"31.65 ms\\\",\\n      \\\"Execution Time - Query\\\": \\\"0.038\\\",\\n      \\\"Enpoint\\\": \\\"/reviews/\\\",\\n      \\\"QueryUsed\\\": [explain (analyze, timing, format json) SELECT * FROM reviews where id = 5]\\n      \""
    ]
  }
]
  }
  
    "Date": "Sun-Mar-06-2022-17:48:55",
      "Execution Time - Network Request": "37.54 ms",
      "Execution Time - Query": "0.065",
      "Enpoint": "/reviews/",
      "QueryUsed": [explain (analyze, timing, format json) SELECT * FROM reviews where id = 5]
      ,[
  {
    "QUERY PLAN": [
      {
        "Plan": {
          "Node Type": "Index Scan",
          "Parallel Aware": false,
          "Scan Direction": "Forward",
          "Index Name": "reviews_pkey",
          "Relation Name": "reviews",
          "Alias": "reviews",
          "Startup Cost": 0.42,
          "Total Cost": 8.44,
          "Plan Rows": 1,
          "Plan Width": 315,
          "Actual Startup Time": 0.011,
          "Actual Total Time": 0.012,
          "Actual Rows": 1,
          "Actual Loops": 1,
          "Index Cond": "(id = 5)",
          "Rows Removed by Index Recheck": 0
        },
        "Planning Time": 0.492,
        "Triggers": [],
        "Execution Time": 0.065
      },
      "\n      \"Execution Time - Network Request\": \"37.54 ms\",\n      \"Execution Time - Query\": \"0.065\",\n      \"Enpoint\": \"/reviews/\",\n      \"QueryUsed\": [explain (analyze, timing, format json) SELECT * FROM reviews where id = 5]\n      "
    ]
  }
]
  }
  
    "Date": "Sun-Mar-06-2022-17:46:03",
      "Execution Time - Network Request": "31.46 ms",
      "Execution Time - Query": "0.041",
      "Enpoint": "/reviews/",
      "QueryUsed": [explain (analyze, timing, format json) SELECT * FROM reviews where id = 5]
      ,[
  {
    "QUERY PLAN": [
      {
        "Plan": {
          "Node Type": "Index Scan",
          "Parallel Aware": false,
          "Scan Direction": "Forward",
          "Index Name": "reviews_pkey",
          "Relation Name": "reviews",
          "Alias": "reviews",
          "Startup Cost": 0.42,
          "Total Cost": 8.44,
          "Plan Rows": 1,
          "Plan Width": 315,
          "Actual Startup Time": 0.007,
          "Actual Total Time": 0.008,
          "Actual Rows": 1,
          "Actual Loops": 1,
          "Index Cond": "(id = 5)",
          "Rows Removed by Index Recheck": 0
        },
        "Planning Time": 0.305,
        "Triggers": [],
        "Execution Time": 0.041
      },
      {
        "QUERY USED": "explain (analyze, timing, format json) SELECT * FROM reviews where id = 5"
      }
    ]
  }
]
  }
  
    "Date": "Sun-Mar-06-2022-17:45:53",
      "Execution Time - Network Request": "31.09 ms",
      "Execution Time - Query": "undefined",
      "Enpoint": "/reviews/",
      "QueryUsed": [explain (analyze, timing, format json) SELECT * FROM reviews where id = 5]
      ,[
  {
    "QUERY PLAN": [
      {
        "Plan": {
          "Node Type": "Index Scan",
          "Parallel Aware": false,
          "Scan Direction": "Forward",
          "Index Name": "reviews_pkey",
          "Relation Name": "reviews",
          "Alias": "reviews",
          "Startup Cost": 0.42,
          "Total Cost": 8.44,
          "Plan Rows": 1,
          "Plan Width": 315,
          "Actual Startup Time": 0.009,
          "Actual Total Time": 0.01,
          "Actual Rows": 1,
          "Actual Loops": 1,
          "Index Cond": "(id = 5)",
          "Rows Removed by Index Recheck": 0
        },
        "Planning Time": 0.348,
        "Triggers": [],
        "Execution Time": 0.061
      },
      {
        "QUERY USED": "explain (analyze, timing, format json) SELECT * FROM reviews where id = 5"
      }
    ]
  }
]
  }
  
    "Date": "Sun-Mar-06-2022-17:45:29",
      "Execution Time - Network Request": "33.29 ms",
      "Execution Time - Query": "undefined",
      "Enpoint": "/reviews/",
      "QueryUsed": [explain (analyze, timing, format json) SELECT * FROM reviews where id = 5]
      ,[
  {
    "QUERY PLAN": [
      {
        "Plan": {
          "Node Type": "Index Scan",
          "Parallel Aware": false,
          "Scan Direction": "Forward",
          "Index Name": "reviews_pkey",
          "Relation Name": "reviews",
          "Alias": "reviews",
          "Startup Cost": 0.42,
          "Total Cost": 8.44,
          "Plan Rows": 1,
          "Plan Width": 315,
          "Actual Startup Time": 0.008,
          "Actual Total Time": 0.009,
          "Actual Rows": 1,
          "Actual Loops": 1,
          "Index Cond": "(id = 5)",
          "Rows Removed by Index Recheck": 0
        },
        "Planning Time": 0.339,
        "Triggers": [],
        "Execution Time": 0.043
      },
      {
        "QUERY USED": "explain (analyze, timing, format json) SELECT * FROM reviews where id = 5"
      }
    ]
  }
]
  }
  
    "Date": "Sun-Mar-06-2022-17:45:08",
      "Execution Time - Network Request": "44.04 ms",
      "Execution Time - Query": "undefined",
      "Enpoint": "/reviews/",
      "QueryUsed": [explain (analyze, timing, format json) SELECT * FROM reviews where id = 5]
      ,[
  {
    "QUERY PLAN": [
      {
        "Plan": {
          "Node Type": "Index Scan",
          "Parallel Aware": false,
          "Scan Direction": "Forward",
          "Index Name": "reviews_pkey",
          "Relation Name": "reviews",
          "Alias": "reviews",
          "Startup Cost": 0.42,
          "Total Cost": 8.44,
          "Plan Rows": 1,
          "Plan Width": 315,
          "Actual Startup Time": 0.014,
          "Actual Total Time": 0.014,
          "Actual Rows": 1,
          "Actual Loops": 1,
          "Index Cond": "(id = 5)",
          "Rows Removed by Index Recheck": 0
        },
        "Planning Time": 0.583,
        "Triggers": [],
        "Execution Time": 0.069
      },
      {
        "QUERY USED": "explain (analyze, timing, format json) SELECT * FROM reviews where id = 5"
      }
    ]
  }
]
  }
  
    "Date": "Sun-Mar-06-2022-17:43:40",
      "Execution Time - Network Request": "35.09 ms",
      "Execution Time - Query": "undefined",
      "Enpoint": "/reviews/",
      "QueryUsed": [explain (analyze, timing, format json) SELECT * FROM reviews where id = 5]
      ,[
  {
    "QUERY PLAN": [
      {
        "Plan": {
          "Node Type": "Index Scan",
          "Parallel Aware": false,
          "Scan Direction": "Forward",
          "Index Name": "reviews_pkey",
          "Relation Name": "reviews",
          "Alias": "reviews",
          "Startup Cost": 0.42,
          "Total Cost": 8.44,
          "Plan Rows": 1,
          "Plan Width": 315,
          "Actual Startup Time": 0.006,
          "Actual Total Time": 0.007,
          "Actual Rows": 1,
          "Actual Loops": 1,
          "Index Cond": "(id = 5)",
          "Rows Removed by Index Recheck": 0
        },
        "Planning Time": 0.316,
        "Triggers": [],
        "Execution Time": 0.039
      },
      {
        "QUERY USED": "explain (analyze, timing, format json) SELECT * FROM reviews where id = 5"
      }
    ]
  }
]
  }
  
    "Date": "Sun-Mar-06-2022-17:43:32",
      "Execution Time - Network Request": "31.6 ms",
      "Execution Time - Query": "undefined",
      "Enpoint": "/reviews/",
      "QueryUsed": [explain (analyze, timing, format json) SELECT * FROM reviews where id = 5]
      ,[
  {
    "QUERY PLAN": [
      {
        "Plan": {
          "Node Type": "Index Scan",
          "Parallel Aware": false,
          "Scan Direction": "Forward",
          "Index Name": "reviews_pkey",
          "Relation Name": "reviews",
          "Alias": "reviews",
          "Startup Cost": 0.42,
          "Total Cost": 8.44,
          "Plan Rows": 1,
          "Plan Width": 315,
          "Actual Startup Time": 0.007,
          "Actual Total Time": 0.008,
          "Actual Rows": 1,
          "Actual Loops": 1,
          "Index Cond": "(id = 5)",
          "Rows Removed by Index Recheck": 0
        },
        "Planning Time": 0.301,
        "Triggers": [],
        "Execution Time": 0.042
      },
      {
        "QUERY USED": "explain (analyze, timing, format json) SELECT * FROM reviews where id = 5"
      }
    ]
  }
]
  }
  
    "Date": "Sun-Mar-06-2022-17:43:03",
      "Execution Time - Network Request": "34.84 ms",
      "Execution Time - Query": "undefined",
      "Enpoint": "/reviews/",
      "QueryUsed": [explain (analyze, timing, format json) SELECT * FROM reviews where id = 5]
      ,[
  {
    "QUERY PLAN": [
      {
        "Plan": {
          "Node Type": "Index Scan",
          "Parallel Aware": false,
          "Scan Direction": "Forward",
          "Index Name": "reviews_pkey",
          "Relation Name": "reviews",
          "Alias": "reviews",
          "Startup Cost": 0.42,
          "Total Cost": 8.44,
          "Plan Rows": 1,
          "Plan Width": 315,
          "Actual Startup Time": 0.006,
          "Actual Total Time": 0.007,
          "Actual Rows": 1,
          "Actual Loops": 1,
          "Index Cond": "(id = 5)",
          "Rows Removed by Index Recheck": 0
        },
        "Planning Time": 0.277,
        "Triggers": [],
        "Execution Time": 0.037
      },
      {
        "QUERY USED": "explain (analyze, timing, format json) SELECT * FROM reviews where id = 5"
      }
    ]
  }
]
  }
  
    "Date": "Sun-Mar-06-2022-17:42:06",
      "Execution Time - Network Request": "31.46 ms",
      "Execution Time - Query": "undefined",
      "Enpoint": "/reviews/",
      "QueryUsed": [explain (analyze, timing, format json) SELECT * FROM reviews where id = 5]
      ,[
  {
    "QUERY PLAN": [
      {
        "Plan": {
          "Node Type": "Index Scan",
          "Parallel Aware": false,
          "Scan Direction": "Forward",
          "Index Name": "reviews_pkey",
          "Relation Name": "reviews",
          "Alias": "reviews",
          "Startup Cost": 0.42,
          "Total Cost": 8.44,
          "Plan Rows": 1,
          "Plan Width": 315,
          "Actual Startup Time": 0.008,
          "Actual Total Time": 0.008,
          "Actual Rows": 1,
          "Actual Loops": 1,
          "Index Cond": "(id = 5)",
          "Rows Removed by Index Recheck": 0
        },
        "Planning Time": 0.285,
        "Triggers": [],
        "Execution Time": 0.042
      },
      {
        "QUERY USED": "explain (analyze, timing, format json) SELECT * FROM reviews where id = 5"
      }
    ]
  }
]
  }
  
    "Date": "Sun-Mar-06-2022-17:41:39",
      "Execution Time - Network Request": "31.72 ms",
      "Execution Time - Query": "undefined",
      "Enpoint": "/reviews/",
      "QueryUsed": [explain (analyze, timing, format json) SELECT * FROM reviews where id = 5]
      ,[
  {
    "QUERY PLAN": [
      {
        "Plan": {
          "Node Type": "Index Scan",
          "Parallel Aware": false,
          "Scan Direction": "Forward",
          "Index Name": "reviews_pkey",
          "Relation Name": "reviews",
          "Alias": "reviews",
          "Startup Cost": 0.42,
          "Total Cost": 8.44,
          "Plan Rows": 1,
          "Plan Width": 315,
          "Actual Startup Time": 0.007,
          "Actual Total Time": 0.008,
          "Actual Rows": 1,
          "Actual Loops": 1,
          "Index Cond": "(id = 5)",
          "Rows Removed by Index Recheck": 0
        },
        "Planning Time": 0.318,
        "Triggers": [],
        "Execution Time": 0.043
      },
      {
        "QUERY USED": "explain (analyze, timing, format json) SELECT * FROM reviews where id = 5"
      }
    ]
  }
]
  }
  
    "Date": "Sun-Mar-06-2022-17:40:23",
      "Enpoint": "/reviews/",
      "Network Request Execution Time": "36.63 ms",
      "Query Execution Time": "undefined"
      "QueryUsed": [explain (analyze, timing, format json) SELECT * FROM reviews where id = 5]
      ,[
  {
    "QUERY PLAN": [
      {
        "Plan": {
          "Node Type": "Index Scan",
          "Parallel Aware": false,
          "Scan Direction": "Forward",
          "Index Name": "reviews_pkey",
          "Relation Name": "reviews",
          "Alias": "reviews",
          "Startup Cost": 0.42,
          "Total Cost": 8.44,
          "Plan Rows": 1,
          "Plan Width": 315,
          "Actual Startup Time": 0.009,
          "Actual Total Time": 0.01,
          "Actual Rows": 1,
          "Actual Loops": 1,
          "Index Cond": "(id = 5)",
          "Rows Removed by Index Recheck": 0
        },
        "Planning Time": 0.346,
        "Triggers": [],
        "Execution Time": 0.047
      },
      {
        "QUERY USED": "explain (analyze, timing, format json) SELECT * FROM reviews where id = 5"
      }
    ]
  }
]
  }
  
    "Date": "Sun-Mar-06-2022-17:40:02",
      "Enpoint": "/reviews/",
      "Network Request Execution Time": "NaN ms",
      "Query Execution Time": "undefined"
      "QueryUsed": [explain (analyze, timing, format json) SELECT * FROM reviews where id = 5]
      ,[
  {
    "QUERY PLAN": [
      {
        "Plan": {
          "Node Type": "Index Scan",
          "Parallel Aware": false,
          "Scan Direction": "Forward",
          "Index Name": "reviews_pkey",
          "Relation Name": "reviews",
          "Alias": "reviews",
          "Startup Cost": 0.42,
          "Total Cost": 8.44,
          "Plan Rows": 1,
          "Plan Width": 315,
          "Actual Startup Time": 0.007,
          "Actual Total Time": 0.008,
          "Actual Rows": 1,
          "Actual Loops": 1,
          "Index Cond": "(id = 5)",
          "Rows Removed by Index Recheck": 0
        },
        "Planning Time": 0.286,
        "Triggers": [],
        "Execution Time": 0.039
      },
      {
        "QUERY USED": "explain (analyze, timing, format json) SELECT * FROM reviews where id = 5"
      }
    ]
  }
]
  }
  
    "Date": "Sun-Mar-06-2022-17:38:23",
      "Enpoint": "/reviews/",
      "Network Request Execution Time": "NaN ms",
      "Query Execution Time": "undefined"
      "QueryUsed": [explain (analyze, timing, format json) SELECT * FROM reviews where id = 5]
      ,[
  {
    "QUERY PLAN": [
      {
        "Plan": {
          "Node Type": "Index Scan",
          "Parallel Aware": false,
          "Scan Direction": "Forward",
          "Index Name": "reviews_pkey",
          "Relation Name": "reviews",
          "Alias": "reviews",
          "Startup Cost": 0.42,
          "Total Cost": 8.44,
          "Plan Rows": 1,
          "Plan Width": 315,
          "Actual Startup Time": 0.007,
          "Actual Total Time": 0.008,
          "Actual Rows": 1,
          "Actual Loops": 1,
          "Index Cond": "(id = 5)",
          "Rows Removed by Index Recheck": 0
        },
        "Planning Time": 0.31,
        "Triggers": [],
        "Execution Time": 0.04
      },
      {
        "QUERY USED": "explain (analyze, timing, format json) SELECT * FROM reviews where id = 5"
      }
    ]
  }
]
  }
  
    "Date": "Sun-Mar-06-2022-17:33:15",
      "Enpoint": "/reviews/",
      "Network Request Execution Time": "NaN ms",
      "Query Execution Time": "undefined"
      "QueryUsed": [explain (analyze, timing, format json) SELECT * FROM reviews where id = 5]
      ,[
  {
    "QUERY PLAN": [
      {
        "Plan": {
          "Node Type": "Index Scan",
          "Parallel Aware": false,
          "Scan Direction": "Forward",
          "Index Name": "reviews_pkey",
          "Relation Name": "reviews",
          "Alias": "reviews",
          "Startup Cost": 0.42,
          "Total Cost": 8.44,
          "Plan Rows": 1,
          "Plan Width": 315,
          "Actual Startup Time": 0.007,
          "Actual Total Time": 0.008,
          "Actual Rows": 1,
          "Actual Loops": 1,
          "Index Cond": "(id = 5)",
          "Rows Removed by Index Recheck": 0
        },
        "Planning Time": 0.275,
        "Triggers": [],
        "Execution Time": 0.038
      },
      {
        "QUERY USED": "explain (analyze, timing, format json) SELECT * FROM reviews where id = 5"
      }
    ]
  }
]
  }
  
    "Date": "Sun-Mar-06-2022-17:31:14",
      "Enpoint": "/reviews/",
      "Network Request Execution Time": "NaN ms",
      "QueryUsed": [explain (analyze, timing, format json) SELECT * FROM reviews where id = 5]
      ,[
  {
    "QUERY PLAN": [
      {
        "Plan": {
          "Node Type": "Index Scan",
          "Parallel Aware": false,
          "Scan Direction": "Forward",
          "Index Name": "reviews_pkey",
          "Relation Name": "reviews",
          "Alias": "reviews",
          "Startup Cost": 0.42,
          "Total Cost": 8.44,
          "Plan Rows": 1,
          "Plan Width": 315,
          "Actual Startup Time": 0.007,
          "Actual Total Time": 0.008,
          "Actual Rows": 1,
          "Actual Loops": 1,
          "Index Cond": "(id = 5)",
          "Rows Removed by Index Recheck": 0
        },
        "Planning Time": 0.309,
        "Triggers": [],
        "Execution Time": 0.041
      },
      {
        "QUERY USED": "explain (analyze, timing, format json) SELECT * FROM reviews where id = 5"
      }
    ]
  }
]
  }
  
    "Date": "Sun-Mar-06-2022-17:30:49",
      "Enpoint": "/reviews/",
      "Network Request Execution Time": "NaN ms",
      "QueryUsed": [explain (analyze, timing, format json) SELECT * FROM reviews where id = 5]
      ,[
  {
    "QUERY PLAN": [
      {
        "Plan": {
          "Node Type": "Index Scan",
          "Parallel Aware": false,
          "Scan Direction": "Forward",
          "Index Name": "reviews_pkey",
          "Relation Name": "reviews",
          "Alias": "reviews",
          "Startup Cost": 0.42,
          "Total Cost": 8.44,
          "Plan Rows": 1,
          "Plan Width": 315,
          "Actual Startup Time": 0.007,
          "Actual Total Time": 0.008,
          "Actual Rows": 1,
          "Actual Loops": 1,
          "Index Cond": "(id = 5)",
          "Rows Removed by Index Recheck": 0
        },
        "Planning Time": 0.294,
        "Triggers": [],
        "Execution Time": 0.04
      },
      {
        "QUERY USED": "explain (analyze, timing, format json) SELECT * FROM reviews where id = 5"
      }
    ]
  }
]
  }
  
    "Date": "Sun-Mar-06-2022-17:23:06",
      "Enpoint": "/reviews/",
      "ExecutionTime": "NaN ms",
      "Query-Used": [explain (analyze, timing, format json) SELECT * FROM reviews where id = 5]
      ,[
  {
    "QUERY PLAN": [
      {
        "Plan": {
          "Node Type": "Index Scan",
          "Parallel Aware": false,
          "Scan Direction": "Forward",
          "Index Name": "reviews_pkey",
          "Relation Name": "reviews",
          "Alias": "reviews",
          "Startup Cost": 0.42,
          "Total Cost": 8.44,
          "Plan Rows": 1,
          "Plan Width": 315,
          "Actual Startup Time": 0.007,
          "Actual Total Time": 0.007,
          "Actual Rows": 1,
          "Actual Loops": 1,
          "Index Cond": "(id = 5)",
          "Rows Removed by Index Recheck": 0
        },
        "Planning Time": 0.323,
        "Triggers": [],
        "Execution Time": 0.041
      },
      {
        "Query-Used": [
          "explain (analyze, timing, format json) SELECT * FROM reviews where id = 5"
        ]
      }
    ]
  }
]
  }
  
    "Date": "Sun-Mar-06-2022-17:19:03",
      "Enpoint": "/reviews/",
      "ExecutionTime": "NaN ms",
      "Query-Used": [explain (analyze, timing, format json) SELECT * FROM reviews where id = 5]
      ,[
  {
    "QUERY PLAN": [
      {
        "Plan": {
          "Node Type": "Index Scan",
          "Parallel Aware": false,
          "Scan Direction": "Forward",
          "Index Name": "reviews_pkey",
          "Relation Name": "reviews",
          "Alias": "reviews",
          "Startup Cost": 0.42,
          "Total Cost": 8.44,
          "Plan Rows": 1,
          "Plan Width": 315,
          "Actual Startup Time": 0.016,
          "Actual Total Time": 0.017,
          "Actual Rows": 1,
          "Actual Loops": 1,
          "Index Cond": "(id = 5)",
          "Rows Removed by Index Recheck": 0
        },
        "Planning Time": 0.626,
        "Triggers": [],
        "Execution Time": 0.074
      }
    ]
  }
]
  }
  
    "Date": "Sun-Mar-06-2022-17:17:19",
      "Enpoint": "/reviews/",
      "ExecutionTime": "NaN ms",
      "Query-Used": [explain (analyze, timing, format json) SELECT * FROM reviews where id = 5]
      ,[
  {
    "QUERY PLAN": [
      {
        "Plan": {
          "Node Type": "Index Scan",
          "Parallel Aware": false,
          "Scan Direction": "Forward",
          "Index Name": "reviews_pkey",
          "Relation Name": "reviews",
          "Alias": "reviews",
          "Startup Cost": 0.42,
          "Total Cost": 8.44,
          "Plan Rows": 1,
          "Plan Width": 315,
          "Actual Startup Time": 0.007,
          "Actual Total Time": 0.007,
          "Actual Rows": 1,
          "Actual Loops": 1,
          "Index Cond": "(id = 5)",
          "Rows Removed by Index Recheck": 0
        },
        "Planning Time": 0.286,
        "Triggers": [],
        "Execution Time": 0.038
      }
    ]
  }
]
  }
  
    "Date": "Sun-Mar-06-2022-17:16:49",
      "Enpoint": "/reviews/",
      "ExecutionTime": "NaN ms",
      "Query-Used": explain (analyze, timing, format json) SELECT * FROM reviews where id = 5
      ,[
  {
    "QUERY PLAN": [
      {
        "Plan": {
          "Node Type": "Index Scan",
          "Parallel Aware": false,
          "Scan Direction": "Forward",
          "Index Name": "reviews_pkey",
          "Relation Name": "reviews",
          "Alias": "reviews",
          "Startup Cost": 0.42,
          "Total Cost": 8.44,
          "Plan Rows": 1,
          "Plan Width": 315,
          "Actual Startup Time": 0.007,
          "Actual Total Time": 0.007,
          "Actual Rows": 1,
          "Actual Loops": 1,
          "Index Cond": "(id = 5)",
          "Rows Removed by Index Recheck": 0
        },
        "Planning Time": 0.275,
        "Triggers": [],
        "Execution Time": 0.038
      }
    ]
  }
]
  }
  
    "Date": "Sun-Mar-06-2022-17:16:14",
      "Enpoint": "/reviews/",
      "ExecutionTime": "NaN ms",
      "Query-Used": explain (analyze, timing, format json) SELECT * FROM reviews where id = 5
      ,[
  {
    "QUERY PLAN": [
      {
        "Plan": {
          "Node Type": "Index Scan",
          "Parallel Aware": false,
          "Scan Direction": "Forward",
          "Index Name": "reviews_pkey",
          "Relation Name": "reviews",
          "Alias": "reviews",
          "Startup Cost": 0.42,
          "Total Cost": 8.44,
          "Plan Rows": 1,
          "Plan Width": 315,
          "Actual Startup Time": 0.006,
          "Actual Total Time": 0.007,
          "Actual Rows": 1,
          "Actual Loops": 1,
          "Index Cond": "(id = 5)",
          "Rows Removed by Index Recheck": 0
        },
        "Planning Time": 0.275,
        "Triggers": [],
        "Execution Time": 0.038
      }
    ]
  }
]
  }
  
    "Date": "Sun-Mar-06-2022-17:16:08",
      "Enpoint": "/reviews/",
      "ExecutionTime": "NaN ms",
      "Query-Used": explain (analyze, timing, format json) SELECT * FROM reviews where id = 5
      ,[
  {
    "QUERY PLAN": [
      {
        "Plan": {
          "Node Type": "Index Scan",
          "Parallel Aware": false,
          "Scan Direction": "Forward",
          "Index Name": "reviews_pkey",
          "Relation Name": "reviews",
          "Alias": "reviews",
          "Startup Cost": 0.42,
          "Total Cost": 8.44,
          "Plan Rows": 1,
          "Plan Width": 315,
          "Actual Startup Time": 0.008,
          "Actual Total Time": 0.009,
          "Actual Rows": 1,
          "Actual Loops": 1,
          "Index Cond": "(id = 5)",
          "Rows Removed by Index Recheck": 0
        },
        "Planning Time": 0.313,
        "Triggers": [],
        "Execution Time": 0.063
      }
    ]
  }
]
  }
  
    "Date": "Sun-Mar-06-2022-17:15:49",
      "Enpoint": "/reviews/",
      "ExecutionTime": "NaN ms",
      "Query-Used": explain (analyze, timing, format json) SELECT * FROM reviews where id = 5
      ,[
  {
    "QUERY PLAN": [
      {
        "Plan": {
          "Node Type": "Index Scan",
          "Parallel Aware": false,
          "Scan Direction": "Forward",
          "Index Name": "reviews_pkey",
          "Relation Name": "reviews",
          "Alias": "reviews",
          "Startup Cost": 0.42,
          "Total Cost": 8.44,
          "Plan Rows": 1,
          "Plan Width": 315,
          "Actual Startup Time": 0.009,
          "Actual Total Time": 0.01,
          "Actual Rows": 1,
          "Actual Loops": 1,
          "Index Cond": "(id = 5)",
          "Rows Removed by Index Recheck": 0
        },
        "Planning Time": 0.543,
        "Triggers": [],
        "Execution Time": 0.054
      }
    ]
  }
]
  }
  
    "Date": "Sun-Mar-06-2022-17:07:34",
      "Enpoint": "/reviews/",
      "ExecutionTime": "NaN ms"
      ,[
  {
    "QUERY PLAN": [
      {
        "Plan": {
          "Node Type": "Seq Scan",
          "Parallel Aware": false,
          "Relation Name": "reviews",
          "Alias": "reviews",
          "Startup Cost": 0,
          "Total Cost": 30917.02,
          "Plan Rows": 577102,
          "Plan Width": 315,
          "Actual Startup Time": 0.353,
          "Actual Total Time": 2339.242,
          "Actual Rows": 577102,
          "Actual Loops": 1
        },
        "Planning Time": 0.411,
        "Triggers": [],
        "Execution Time": 2360.472
      }
    ]
  }
]
  }
  
    "Date": "Sun-Mar-06-2022-17:05:36",
      "Enpoint": "/reviews/",
      "ExecutionTime": "NaN ms"
      ,[
  {
    "QUERY PLAN": [
      {
        "Plan": {
          "Node Type": "Index Scan",
          "Parallel Aware": false,
          "Scan Direction": "Forward",
          "Index Name": "reviews_pkey",
          "Relation Name": "reviews",
          "Alias": "reviews",
          "Startup Cost": 0.42,
          "Total Cost": 8.44,
          "Plan Rows": 1,
          "Plan Width": 315,
          "Actual Startup Time": 0.007,
          "Actual Total Time": 0.008,
          "Actual Rows": 1,
          "Actual Loops": 1,
          "Index Cond": "(id = 5)",
          "Rows Removed by Index Recheck": 0
        },
        "Planning Time": 0.28,
        "Triggers": [],
        "Execution Time": 0.034
      }
    ]
  }
]
  }
  
    "Date": "Sun-Mar-06-2022-17:04:26",
      "Enpoint": "/reviews/",
      "ExecutionTime": "NaN ms"
      ,[
  {
    "QUERY PLAN": [
      {
        "Plan": {
          "Node Type": "Index Scan",
          "Parallel Aware": false,
          "Scan Direction": "Forward",
          "Index Name": "reviews_pkey",
          "Relation Name": "reviews",
          "Alias": "reviews",
          "Startup Cost": 0.42,
          "Total Cost": 8.44,
          "Plan Rows": 1,
          "Plan Width": 315,
          "Actual Startup Time": 0.008,
          "Actual Total Time": 0.008,
          "Actual Rows": 1,
          "Actual Loops": 1,
          "Index Cond": "(id = 5)",
          "Rows Removed by Index Recheck": 0
        },
        "Planning Time": 0.404,
        "Triggers": [],
        "Execution Time": 0.043
      }
    ]
  }
]
  }
  
    "Date": "Sun-Mar-06-2022-17:04:11",
      "Enpoint": "/reviews/",
      "ExecutionTime": "NaN ms"
      ,[
  {
    "QUERY PLAN": "Index Scan using reviews_pkey on reviews  (cost=0.42..8.44 rows=1 width=315)"
  },
  {
    "QUERY PLAN": "  Index Cond: (id = 5)"
  }
]
  }
  
    "Date": "Sun-Mar-06-2022-17:03:13",
      "Enpoint": "/reviews/",
      "ExecutionTime": "NaN ms"
      ,[
  {
    "QUERY PLAN": "Index Scan using reviews_pkey on reviews  (cost=0.42..8.44 rows=1 width=315) (actual time=0.012..0.013 rows=1 loops=1)"
  },
  {
    "QUERY PLAN": "  Index Cond: (id = 5)"
  },
  {
    "QUERY PLAN": "Planning Time: 0.501 ms"
  },
  {
    "QUERY PLAN": "Execution Time: 0.059 ms"
  }
]
  }
  
    "Date": "Sat-Mar-05-2022-14:42:05",
      "Enpoint": "/reviews/",
      "ExecutionTime": "33.08598100004019 ms"
      ,[
  {
    "QUERY PLAN": [
      {
        "Plan": {
          "Node Type": "Limit",
          "Parallel Aware": false,
          "Startup Cost": 0.42,
          "Total Cost": 8.44,
          "Plan Rows": 1,
          "Plan Width": 315,
          "Actual Startup Time": 0.039,
          "Actual Total Time": 0.04,
          "Actual Rows": 1,
          "Actual Loops": 1,
          "Plans": [
            {
              "Node Type": "Index Scan",
              "Parent Relationship": "Outer",
              "Parallel Aware": false,
              "Scan Direction": "Forward",
              "Index Name": "reviews_pkey",
              "Relation Name": "reviews",
              "Alias": "reviews",
              "Startup Cost": 0.42,
              "Total Cost": 8.44,
              "Plan Rows": 1,
              "Plan Width": 315,
              "Actual Startup Time": 0.037,
              "Actual Total Time": 0.037,
              "Actual Rows": 1,
              "Actual Loops": 1,
              "Index Cond": "(id = 3)",
              "Rows Removed by Index Recheck": 0
            }
          ]
        },
        "Planning Time": 0.59,
        "Triggers": [],
        "Execution Time": 0.094
      }
    ]
  }
]
  }
  
    "Date": "Sat-Mar-05-2022-14:13:35",
      "Enpoint": "/reviews/",
      "ExecutionTime": "12.19780499999979 ms"
      ,[
  {
    "QUERY PLAN": [
      {
        "Plan": {
          "Node Type": "Limit",
          "Parallel Aware": false,
          "Startup Cost": 0.42,
          "Total Cost": 8.44,
          "Plan Rows": 1,
          "Plan Width": 315,
          "Actual Startup Time": 0.011,
          "Actual Total Time": 0.011,
          "Actual Rows": 1,
          "Actual Loops": 1,
          "Plans": [
            {
              "Node Type": "Index Scan",
              "Parent Relationship": "Outer",
              "Parallel Aware": false,
              "Scan Direction": "Forward",
              "Index Name": "reviews_pkey",
              "Relation Name": "reviews",
              "Alias": "reviews",
              "Startup Cost": 0.42,
              "Total Cost": 8.44,
              "Plan Rows": 1,
              "Plan Width": 315,
              "Actual Startup Time": 0.01,
              "Actual Total Time": 0.01,
              "Actual Rows": 1,
              "Actual Loops": 1,
              "Index Cond": "(id = 3)",
              "Rows Removed by Index Recheck": 0
            }
          ]
        },
        "Planning Time": 0.331,
        "Triggers": [],
        "Execution Time": 0.048
      }
    ]
  }
]
  }
  
    "Date": "Sat-Mar-05-2022-14:13:24",
      "Enpoint": "/reviews/",
      "ExecutionTime": "24.85335299999997 ms"
      ,[
  {
    "QUERY PLAN": [
      {
        "Plan": {
          "Node Type": "Limit",
          "Parallel Aware": false,
          "Startup Cost": 0.42,
          "Total Cost": 8.44,
          "Plan Rows": 1,
          "Plan Width": 315,
          "Actual Startup Time": 0.018,
          "Actual Total Time": 0.019,
          "Actual Rows": 1,
          "Actual Loops": 1,
          "Plans": [
            {
              "Node Type": "Index Scan",
              "Parent Relationship": "Outer",
              "Parallel Aware": false,
              "Scan Direction": "Forward",
              "Index Name": "reviews_pkey",
              "Relation Name": "reviews",
              "Alias": "reviews",
              "Startup Cost": 0.42,
              "Total Cost": 8.44,
              "Plan Rows": 1,
              "Plan Width": 315,
              "Actual Startup Time": 0.017,
              "Actual Total Time": 0.018,
              "Actual Rows": 1,
              "Actual Loops": 1,
              "Index Cond": "(id = 3)",
              "Rows Removed by Index Recheck": 0
            }
          ]
        },
        "Planning Time": 0.584,
        "Triggers": [],
        "Execution Time": 0.053
      }
    ]
  }
]
  }
  
    "Date": "Sat-Mar-05-2022-14:12:08",
      "Enpoint": "/reviews/",
      "ExecutionTime": "13.644973000000391 ms"
      ,[
  {
    "QUERY PLAN": [
      {
        "Plan": {
          "Node Type": "Limit",
          "Parallel Aware": false,
          "Startup Cost": 0.42,
          "Total Cost": 8.44,
          "Plan Rows": 1,
          "Plan Width": 315,
          "Actual Startup Time": 0.012,
          "Actual Total Time": 0.013,
          "Actual Rows": 1,
          "Actual Loops": 1,
          "Plans": [
            {
              "Node Type": "Index Scan",
              "Parent Relationship": "Outer",
              "Parallel Aware": false,
              "Scan Direction": "Forward",
              "Index Name": "reviews_pkey",
              "Relation Name": "reviews",
              "Alias": "reviews",
              "Startup Cost": 0.42,
              "Total Cost": 8.44,
              "Plan Rows": 1,
              "Plan Width": 315,
              "Actual Startup Time": 0.011,
              "Actual Total Time": 0.012,
              "Actual Rows": 1,
              "Actual Loops": 1,
              "Index Cond": "(id = 3)",
              "Rows Removed by Index Recheck": 0
            }
          ]
        },
        "Planning Time": 0.324,
        "Triggers": [],
        "Execution Time": 0.039
      }
    ]
  }
]
  }
  
    "Date": "Sat-Mar-05-2022-14:11:51",
      "Enpoint": "/reviews/",
      "ExecutionTime": "22.6831880000002 ms"
      ,[
  {
    "QUERY PLAN": [
      {
        "Plan": {
          "Node Type": "Limit",
          "Parallel Aware": false,
          "Startup Cost": 0.42,
          "Total Cost": 8.44,
          "Plan Rows": 1,
          "Plan Width": 315,
          "Actual Startup Time": 0.01,
          "Actual Total Time": 0.011,
          "Actual Rows": 1,
          "Actual Loops": 1,
          "Plans": [
            {
              "Node Type": "Index Scan",
              "Parent Relationship": "Outer",
              "Parallel Aware": false,
              "Scan Direction": "Forward",
              "Index Name": "reviews_pkey",
              "Relation Name": "reviews",
              "Alias": "reviews",
              "Startup Cost": 0.42,
              "Total Cost": 8.44,
              "Plan Rows": 1,
              "Plan Width": 315,
              "Actual Startup Time": 0.009,
              "Actual Total Time": 0.01,
              "Actual Rows": 1,
              "Actual Loops": 1,
              "Index Cond": "(id = 3)",
              "Rows Removed by Index Recheck": 0
            }
          ]
        },
        "Planning Time": 0.328,
        "Triggers": [],
        "Execution Time": 0.035
      }
    ]
  }
]

    "Date": "Sat-Mar-05-2022-14:11:24",
      "Enpoint": "/reviews/",
      "ExecutionTime": "12.851611000000048 ms"
      ,[object Object]
  }

    "Date": "Sat-Mar-05-2022-14:11:19",
      "Enpoint": "/reviews/",
      "ExecutionTime": "20.88019699999859 ms"
      ,[object Object]
  }

    "Date": "Sat-Mar-05-2022-14:10:11",
      "Enpoint": "/reviews/",
      "ExecutionTime": "14.89839000000029 ms"
      ,{
  "Sat-Mar-05-2022-14:10:03": [
    {
      "QUERY PLAN": [
        {
          "Plan": {
            "Node Type": "Limit",
            "Parallel Aware": false,
            "Startup Cost": 0.42,
            "Total Cost": 8.44,
            "Plan Rows": 1,
            "Plan Width": 315,
            "Actual Startup Time": 0.01,
            "Actual Total Time": 0.011,
            "Actual Rows": 1,
            "Actual Loops": 1,
            "Plans": [
              {
                "Node Type": "Index Scan",
                "Parent Relationship": "Outer",
                "Parallel Aware": false,
                "Scan Direction": "Forward",
                "Index Name": "reviews_pkey",
                "Relation Name": "reviews",
                "Alias": "reviews",
                "Startup Cost": 0.42,
                "Total Cost": 8.44,
                "Plan Rows": 1,
                "Plan Width": 315,
                "Actual Startup Time": 0.01,
                "Actual Total Time": 0.01,
                "Actual Rows": 1,
                "Actual Loops": 1,
                "Index Cond": "(id = 3)",
                "Rows Removed by Index Recheck": 0
              }
            ]
          },
          "Planning Time": 0.303,
          "Triggers": [],
          "Execution Time": 0.036
        }
      ]
    }
  ]
}
  }

    "Date": "Sat-Mar-05-2022-14:10:06",
      "Enpoint": "/reviews/",
      "ExecutionTime": "22.185778000000028 ms"
      ,{
  "Sat-Mar-05-2022-14:10:03": [
    {
      "QUERY PLAN": [
        {
          "Plan": {
            "Node Type": "Limit",
            "Parallel Aware": false,
            "Startup Cost": 0.42,
            "Total Cost": 8.44,
            "Plan Rows": 1,
            "Plan Width": 315,
            "Actual Startup Time": 0.01,
            "Actual Total Time": 0.011,
            "Actual Rows": 1,
            "Actual Loops": 1,
            "Plans": [
              {
                "Node Type": "Index Scan",
                "Parent Relationship": "Outer",
                "Parallel Aware": false,
                "Scan Direction": "Forward",
                "Index Name": "reviews_pkey",
                "Relation Name": "reviews",
                "Alias": "reviews",
                "Startup Cost": 0.42,
                "Total Cost": 8.44,
                "Plan Rows": 1,
                "Plan Width": 315,
                "Actual Startup Time": 0.01,
                "Actual Total Time": 0.01,
                "Actual Rows": 1,
                "Actual Loops": 1,
                "Index Cond": "(id = 3)",
                "Rows Removed by Index Recheck": 0
              }
            ]
          },
          "Planning Time": 0.303,
          "Triggers": [],
          "Execution Time": 0.036
        }
      ]
    }
  ]
}
  }

    "Date": "Sat-Mar-05-2022-14:10:03",
      "Enpoint": "/reviews/",
      "ExecutionTime": "14.579510999999911 ms"
      ,
  }

    "Date": "Sat-Mar-05-2022-14:06:59",
      "Enpoint": "/reviews/",
      "ExecutionTime": "23.21994100000029 ms"
      ,{
  "Sat-Mar-05-2022-14:06:54": [
    {
      "QUERY PLAN": [
        {
          "Plan": {
            "Node Type": "Limit",
            "Parallel Aware": false,
            "Startup Cost": 0.42,
            "Total Cost": 8.44,
            "Plan Rows": 1,
            "Plan Width": 315,
            "Actual Startup Time": 0.01,
            "Actual Total Time": 0.011,
            "Actual Rows": 1,
            "Actual Loops": 1,
            "Plans": [
              {
                "Node Type": "Index Scan",
                "Parent Relationship": "Outer",
                "Parallel Aware": false,
                "Scan Direction": "Forward",
                "Index Name": "reviews_pkey",
                "Relation Name": "reviews",
                "Alias": "reviews",
                "Startup Cost": 0.42,
                "Total Cost": 8.44,
                "Plan Rows": 1,
                "Plan Width": 315,
                "Actual Startup Time": 0.01,
                "Actual Total Time": 0.01,
                "Actual Rows": 1,
                "Actual Loops": 1,
                "Index Cond": "(id = 3)",
                "Rows Removed by Index Recheck": 0
              }
            ]
          },
          "Planning Time": 0.313,
          "Triggers": [],
          "Execution Time": 0.035
        }
      ]
    }
  ]
}
  }

    "Date": "Sat-Mar-05-2022-14:06:54",
      "Enpoint": "/reviews/",
      "ExecutionTime": "12.817847999999685 ms"
      ,
  }
    "Date": "Sat-Mar-05-2022-14:04:48",
      "Enpoint": "/reviews/",
      "ExecutionTime": "17.61316099999999 ms"
      ,{
  "Sat-Mar-05-2022-14:04:46": [
    {
      "QUERY PLAN": [
        {
          "Plan": {
            "Node Type": "Limit",
            "Parallel Aware": false,
            "Startup Cost": 0.42,
            "Total Cost": 8.44,
            "Plan Rows": 1,
            "Plan Width": 315,
            "Actual Startup Time": 0.01,
            "Actual Total Time": 0.011,
            "Actual Rows": 1,
            "Actual Loops": 1,
            "Plans": [
              {
                "Node Type": "Index Scan",
                "Parent Relationship": "Outer",
                "Parallel Aware": false,
                "Scan Direction": "Forward",
                "Index Name": "reviews_pkey",
                "Relation Name": "reviews",
                "Alias": "reviews",
                "Startup Cost": 0.42,
                "Total Cost": 8.44,
                "Plan Rows": 1,
                "Plan Width": 315,
                "Actual Startup Time": 0.01,
                "Actual Total Time": 0.01,
                "Actual Rows": 1,
                "Actual Loops": 1,
                "Index Cond": "(id = 3)",
                "Rows Removed by Index Recheck": 0
              }
            ]
          },
          "Planning Time": 0.311,
          "Triggers": [],
          "Execution Time": 0.036
        }
      ]
    }
  ]
}
  }

    "Date": "Sat-Mar-05-2022-14:04:46",
      "Enpoint": "/reviews/",
      "ExecutionTime": "14.11551499999996 ms"
      ,
  }

    "Date": "Sat-Mar-05-2022-14:03:44",
      "Enpoint": "/reviews/",
      "ExecutionTime": "16.447822000000087 ms"
      ,{
  "Sat-Mar-05-2022-14:03:37": [
    {
      "QUERY PLAN": [
        {
          "Plan": {
            "Node Type": "Limit",
            "Parallel Aware": false,
            "Startup Cost": 0.42,
            "Total Cost": 8.44,
            "Plan Rows": 1,
            "Plan Width": 315,
            "Actual Startup Time": 0.014,
            "Actual Total Time": 0.015,
            "Actual Rows": 1,
            "Actual Loops": 1,
            "Plans": [
              {
                "Node Type": "Index Scan",
                "Parent Relationship": "Outer",
                "Parallel Aware": false,
                "Scan Direction": "Forward",
                "Index Name": "reviews_pkey",
                "Relation Name": "reviews",
                "Alias": "reviews",
                "Startup Cost": 0.42,
                "Total Cost": 8.44,
                "Plan Rows": 1,
                "Plan Width": 315,
                "Actual Startup Time": 0.013,
                "Actual Total Time": 0.014,
                "Actual Rows": 1,
                "Actual Loops": 1,
                "Index Cond": "(id = 3)",
                "Rows Removed by Index Recheck": 0
              }
            ]
          },
          "Planning Time": 0.381,
          "Triggers": [],
          "Execution Time": 0.045
        }
      ]
    }
  ]
}
  }

    "Date": "Sat-Mar-05-2022-14:03:37",
      "Enpoint": "/reviews/",
      "ExecutionTime": "14.115399999999681 ms"
      ,
  }
    "Date": "Sat-Mar-05-2022-13:58:55",
      "Enpoint": "/reviews/",
      "ExecutionTime": "13.654485999999906 ms"
      ,{
  "Sat-Mar-05-2022-12:59:00": [
    {
      "QUERY PLAN": [
        {
          "Plan": {
            "Node Type": "Limit",
            "Parallel Aware": false,
            "Startup Cost": 0.42,
            "Total Cost": 8.44,
            "Plan Rows": 1,
            "Plan Width": 315,
            "Actual Startup Time": 0.011,
            "Actual Total Time": 0.012,
            "Actual Rows": 1,
            "Actual Loops": 1,
            "Plans": [
              {
                "Node Type": "Index Scan",
                "Parent Relationship": "Outer",
                "Parallel Aware": false,
                "Scan Direction": "Forward",
                "Index Name": "reviews_pkey",
                "Relation Name": "reviews",
                "Alias": "reviews",
                "Startup Cost": 0.42,
                "Total Cost": 8.44,
                "Plan Rows": 1,
                "Plan Width": 315,
                "Actual Startup Time": 0.01,
                "Actual Total Time": 0.011,
                "Actual Rows": 1,
                "Actual Loops": 1,
                "Index Cond": "(id = 3)",
                "Rows Removed by Index Recheck": 0
              }
            ]
          },
          "Planning Time": 0.324,
          "Triggers": [],
          "Execution Time": 0.038
        }
      ]
    }
  ]
}
  }

    "Date": "Sat-Mar-05-2022-12:59:00",
      "Enpoint": "/reviews/",
      "ExecutionTime": "13.167252000001099 ms"

  }

    "Date": "Sat-Mar-05-2022-12:57:02",
      "Enpoint": "/reviews/",
      "ExecutionTime": "13.040910000000167 ms"

  }

    "Date": "Sat-Mar-05-2022-12:55:25",
      "Enpoint": "/reviews/",
      "ExecutionTime": "26.024539999999888 ms"

  }

    "Date": "Sat-Mar-05-2022-12:54:14",
      "Enpoint": "/reviews/",
      "ExecutionTime": "21.352638000000297 ms"

  }

    "Date": "Sat-Mar-05-2022-12:50:28",
      "Enpoint": "/reviews/",
      "ExecutionTime": "26.951677999999447 ms"

  }

    "Date": "Sat-Mar-05-2022-12:48:58",
      "Enpoint": "/reviews/",
      "ExecutionTime": "16.131659000000127 ms"

  }

    "Date": "Sat-Mar-05-2022-12:48:24",
      "Enpoint": "/reviews/",
      "ExecutionTime": "12.318347000000017 ms"

  }

    "Date": "Sat-Mar-05-2022-12:48:23",
      "Enpoint": "/reviews/",
      "ExecutionTime": "12.470037000000048 ms"

  }

    "Date": "Sat-Mar-05-2022-12:48:18",
      "Enpoint": "/reviews/",
      "ExecutionTime": "12.783534999999802 ms"

  }

    "Date": "Sat-Mar-05-2022-12:47:58",
      "Enpoint": "/reviews/",
      "ExecutionTime": "11.739068999999972 ms"

  }

    "Date": "Sat-Mar-05-2022-12:47:50",
      "Enpoint": "/reviews/",
      "ExecutionTime": "14.127211999999872 ms"

  }

    "Date": "Sat-Mar-05-2022-12:44:37",
      "Enpoint": "/reviews/",
      "ExecutionTime": "13.221041000000241 ms"

  }

    "Date": "Sat-Mar-05-2022-12:44:34",
      "Enpoint": "/reviews/",
      "ExecutionTime": "12.507456000000047 ms"

  }

    "Date": "Sat-Mar-05-2022-12:44:03",
      "Enpoint": "/reviews/",
      "ExecutionTime": "21.228443999999854 ms"

  }

    "Date": "Sat-Mar-05-2022-12:43:59",
      "Enpoint": "/reviews/",
      "ExecutionTime": "15.600059000000101 ms"

  }

    "Date": "Sat-Mar-05-2022-12:43:55",
      "Enpoint": "/reviews/",
      "ExecutionTime": "14.30755199999976 ms"

  }

    "Date": "Sat-Mar-05-2022-12:43:23",
      "Enpoint": "/reviews/",
      "ExecutionTime": "14.261694999999918 ms"

  }

    "Date": "Sat-Mar-05-2022-12:37:31",
      "Enpoint": "/reviews/",
      "ExecutionTime": "18.916958999999906 ms"

  }

    "Date": "Sat Mar 05 2022 12:30:01",
      "Enpoint": "/reviews/",
      "ExecutionTime": "12.40463600000021 ms"

  }

    "Date": "Sat Mar 05 2022 12:20:55",
      "Enpoint": "/reviews/",
      "ExecutionTime": "14.293539999999894 ms"

  }

    "Date": "Sat Mar 05 2022 11:52:53",
      "Enpoint": "/reviews/",
      "ExecutionTime": "23.085477999999966 ms"

  }

    "Date": "Sat Mar 05 2022 11:52:02",
      "Enpoint": "/reviews/",
      "ExecutionTime": "11.96885199999997 ms"

  }

    "Date": "Sat Mar 05 2022 11:49:09",
      "Enpoint": "/reviews/",
      "ExecutionTime": "13.607924999998431 ms"

  }

    "Date": "Sat Mar 05 2022 11:48:52",
      "Enpoint": "/reviews/",
      "ExecutionTime": "14.118001000000277 ms"

  }

    "Date": "Sat Mar 05 2022 11:48:25",
      "Enpoint": "/reviews/",
      "ExecutionTime": "12.571093000000019 ms"

  }

    "Date": "Sat Mar 05 2022 11:28:09",
      "Enpoint": "/reviews/",
      "ExecutionTime": "13.321897000001627 ms"

  }

    "Date": "Sat Mar 05 2022 11:27:19",
      "Enpoint": "/reviews/",
      "ExecutionTime": "11.484885000000077 ms"

  }

    "Date": "Sat Mar 05 2022 11:27:01",
      "Enpoint": "/reviews/",
      "ExecutionTime": "12.692215999999917 ms"

  }

    "Date": "Sat Mar 05 2022 11:26:25",
      "Enpoint": "/reviews/",
      "ExecutionTime": "12.947713000000249 ms"

  }

    "Date": "Sat Mar 05 2022 11:25:48",
      "Enpoint": "/reviews/",
      "ExecutionTime": "16.80045300000006 ms"

  }

    "Date": "Sat Mar 05 2022 11:23:20",
      "Enpoint": "/reviews/",
      "ExecutionTime": "12.800185000000056 ms"
      "PSQL-Data": [{"QUERY PLAN":[{"Plan":{"Node Type":"Limit","Parallel Aware":false,"Startup Cost":0.42,"Total Cost":8.44,"Plan Rows":1,"Plan Width":315,"Actual Startup Time":0.012,"Actual Total Time":0.013,"Actual Rows":1,"Actual Loops":1,"Plans":[{"Node Type":"Index Scan","Parent Relationship":"Outer","Parallel Aware":false,"Scan Direction":"Forward","Index Name":"reviews_pkey","Relation Name":"reviews","Alias":"reviews","Startup Cost":0.42,"Total Cost":8.44,"Plan Rows":1,"Plan Width":315,"Actual Startup Time":0.011,"Actual Total Time":0.011,"Actual Rows":1,"Actual Loops":1,"Index Cond":"(id = 3)","Rows Removed by Index Recheck":0}]},"Planning Time":0.323,"Triggers":[],"Execution Time":0.037}]}]
  }

    "Date": "Sat Mar 05 2022 11:22:36",
      "Enpoint": "/reviews/",
      "ExecutionTime": "13.454692000000023 ms"
      "PSQL-Data": [{"QUERY PLAN":[{"Plan":{"Node Type":"Limit","Parallel Aware":false,"Startup Cost":0.42,"Total Cost":8.44,"Plan Rows":1,"Plan Width":315,"Actual Startup Time":0.011,"Actual Total Time":0.012,"Actual Rows":1,"Actual Loops":1,"Plans":[{"Node Type":"Index Scan","Parent Relationship":"Outer","Parallel Aware":false,"Scan Direction":"Forward","Index Name":"reviews_pkey","Relation Name":"reviews","Alias":"reviews","Startup Cost":0.42,"Total Cost":8.44,"Plan Rows":1,"Plan Width":315,"Actual Startup Time":0.01,"Actual Total Time":0.01,"Actual Rows":1,"Actual Loops":1,"Index Cond":"(id = 3)","Rows Removed by Index Recheck":0}]},"Planning Time":0.352,"Triggers":[],"Execution Time":0.036}]}]
  }

    "Date": "Sat Mar 05 2022 11:21:57",
      "Enpoint": "/reviews/",
      "ExecutionTime": "13.11012699999992 ms"
      "PSQL-Data": [{"QUERY PLAN":[{"Plan":{"Node Type":"Limit","Parallel Aware":false,"Startup Cost":0.42,"Total Cost":8.44,"Plan Rows":1,"Plan Width":315,"Actual Startup Time":0.013,"Actual Total Time":0.014,"Actual Rows":1,"Actual Loops":1,"Plans":[{"Node Type":"Index Scan","Parent Relationship":"Outer","Parallel Aware":false,"Scan Direction":"Forward","Index Name":"reviews_pkey","Relation Name":"reviews","Alias":"reviews","Startup Cost":0.42,"Total Cost":8.44,"Plan Rows":1,"Plan Width":315,"Actual Startup Time":0.012,"Actual Total Time":0.013,"Actual Rows":1,"Actual Loops":1,"Index Cond":"(id = 3)","Rows Removed by Index Recheck":0}]},"Planning Time":0.424,"Triggers":[],"Execution Time":0.042}]}]
  }

    "Date": "Sat Mar 05 2022 11:20:56",
      "Enpoint": "/reviews/",
      "ExecutionTime": "14.10375600000043 ms"
      "PSQL-Data": [{"QUERY PLAN":[{"Plan":{"Node Type":"Limit","Parallel Aware":false,"Startup Cost":0.42,"Total Cost":8.44,"Plan Rows":1,"Plan Width":315,"Actual Startup Time":0.012,"Actual Total Time":0.013,"Actual Rows":1,"Actual Loops":1,"Plans":[{"Node Type":"Index Scan","Parent Relationship":"Outer","Parallel Aware":false,"Scan Direction":"Forward","Index Name":"reviews_pkey","Relation Name":"reviews","Alias":"reviews","Startup Cost":0.42,"Total Cost":8.44,"Plan Rows":1,"Plan Width":315,"Actual Startup Time":0.011,"Actual Total Time":0.011,"Actual Rows":1,"Actual Loops":1,"Index Cond":"(id = 3)","Rows Removed by Index Recheck":0}]},"Planning Time":0.36,"Triggers":[],"Execution Time":0.037}]}]
  }

    "Date": "Sat Mar 05 2022 11:11:09",
      "Enpoint": "/reviews/",
      "ExecutionTime": "21.25436400000035 ms"
  }

    "Date": "Sat Mar 05 2022 11:06:30",
    "Enpoint": "/reviews/",
    "ExecutionTime": "NaN ms"
  }

    "Date": "Sat Mar 05 2022 10:34:23",
    "Enpoint": "/reviews/",
    "ExecutionTime": "21.623915000000125 ms"
  }

    "Date": "Sat Mar 05 2022 10:25:16",
    "Enpoint": "/reviews/",
    "ExecutionTime": "1.1856760000009672 ms"
  }

    "Date": "Sat Mar 05 2022 10:25:07",
    "Enpoint": "/reviews/",
    "ExecutionTime": "1.7599430000009306 ms"
  }

    "Date": "Sat Mar 05 2022 10:25:04",
    "Enpoint": "/reviews/",
    "ExecutionTime": "11.866180000000895 ms"
  }

    "Date": "Sat Mar 05 2022 10:23:47",
    "Enpoint": "/reviews/",
    "ExecutionTime": "14.826656999999614 ms"null
  }

    "Date": "Sat Mar 05 2022 10:01:59",
    "Enpoint": "/reviews/",
    "ExecutionTime": "9581.286291999999 ms"null
  }

    "Date": "Sat Mar 05 2022 10:01:57",
    "Enpoint": "/reviews/",
    "ExecutionTime": "7983.181198 ms"null
  }

    "Date": "Fri Mar 04 2022 23:04:29",
    "Enpoint": "/reviews/",
    "ExecutionTime": "21876.693383 ms",
  }

  {
    "Date": "Fri Mar 04 2022 23:04:28",
    "Enpoint": "/reviews/",
    "ExecutionTime": "20763.046751 ms",
  }

  {
    "Date": "Fri Mar 04 2022 23:04:20",
    "Enpoint": "/reviews/meta",
    "ExecutionTime": "12666.230725000001 ms",
  }

  {
    "Date": "Fri Mar 04 2022 23:04:18",
    "Enpoint": "/reviews/meta",
    "ExecutionTime": "10813.942289 ms",
  }

  {
    "Date": "Fri Mar 04 2022 23:04:11",
    "Enpoint": "/reviews/meta",
    "ExecutionTime": "3702.535847 ms",
  }





























































  
  
  
  
  
  
  
  
  
  
  
  
  
  
  
  
  
  
  
  
  
  
  
  
  
  
  
  
  
  
  
  
  
  
  
  
  
  
  
  
  
  
  
  
  
  
  
  
  
  