{
  "Sat-Mar-05-2022-14:10:03": [
    {
      "QUERY PLAN": [
        {
          "Plan": {
            "Node Type": "Limit",
            "Parallel Aware": false,
            "Startup Cost": 0.42,
            "Total Cost": 8.44,
            "Plan Rows": 1,
            "Plan Width": 315,
            "Actual Startup Time": 0.01,
            "Actual Total Time": 0.011,
            "Actual Rows": 1,
            "Actual Loops": 1,
            "Plans": [
              {
                "Node Type": "Index Scan",
                "Parent Relationship": "Outer",
                "Parallel Aware": false,
                "Scan Direction": "Forward",
                "Index Name": "reviews_pkey",
                "Relation Name": "reviews",
                "Alias": "reviews",
                "Startup Cost": 0.42,
                "Total Cost": 8.44,
                "Plan Rows": 1,
                "Plan Width": 315,
                "Actual Startup Time": 0.01,
                "Actual Total Time": 0.01,
                "Actual Rows": 1,
                "Actual Loops": 1,
                "Index Cond": "(id = 3)",
                "Rows Removed by Index Recheck": 0
              }
            ]
          },
          "Planning Time": 0.303,
          "Triggers": [],
          "Execution Time": 0.036
        }
      ]
    }
  ],
  "Sat-Mar-05-2022-14:13:24": [
    {
      "QUERY PLAN": [
        {
          "Plan": {
            "Node Type": "Limit",
            "Parallel Aware": false,
            "Startup Cost": 0.42,
            "Total Cost": 8.44,
            "Plan Rows": 1,
            "Plan Width": 315,
            "Actual Startup Time": 0.018,
            "Actual Total Time": 0.019,
            "Actual Rows": 1,
            "Actual Loops": 1,
            "Plans": [
              {
                "Node Type": "Index Scan",
                "Parent Relationship": "Outer",
                "Parallel Aware": false,
                "Scan Direction": "Forward",
                "Index Name": "reviews_pkey",
                "Relation Name": "reviews",
                "Alias": "reviews",
                "Startup Cost": 0.42,
                "Total Cost": 8.44,
                "Plan Rows": 1,
                "Plan Width": 315,
                "Actual Startup Time": 0.017,
                "Actual Total Time": 0.018,
                "Actual Rows": 1,
                "Actual Loops": 1,
                "Index Cond": "(id = 3)",
                "Rows Removed by Index Recheck": 0
              }
            ]
          },
          "Planning Time": 0.584,
          "Triggers": [],
          "Execution Time": 0.053
        }
      ]
    }
  ],
  "Sat-Mar-05-2022-14:13:35": [
    {
      "QUERY PLAN": [
        {
          "Plan": {
            "Node Type": "Limit",
            "Parallel Aware": false,
            "Startup Cost": 0.42,
            "Total Cost": 8.44,
            "Plan Rows": 1,
            "Plan Width": 315,
            "Actual Startup Time": 0.011,
            "Actual Total Time": 0.011,
            "Actual Rows": 1,
            "Actual Loops": 1,
            "Plans": [
              {
                "Node Type": "Index Scan",
                "Parent Relationship": "Outer",
                "Parallel Aware": false,
                "Scan Direction": "Forward",
                "Index Name": "reviews_pkey",
                "Relation Name": "reviews",
                "Alias": "reviews",
                "Startup Cost": 0.42,
                "Total Cost": 8.44,
                "Plan Rows": 1,
                "Plan Width": 315,
                "Actual Startup Time": 0.01,
                "Actual Total Time": 0.01,
                "Actual Rows": 1,
                "Actual Loops": 1,
                "Index Cond": "(id = 3)",
                "Rows Removed by Index Recheck": 0
              }
            ]
          },
          "Planning Time": 0.331,
          "Triggers": [],
          "Execution Time": 0.048
        }
      ]
    }
  ],
  "Sat-Mar-05-2022-14:42:05": [
    {
      "QUERY PLAN": [
        {
          "Plan": {
            "Node Type": "Limit",
            "Parallel Aware": false,
            "Startup Cost": 0.42,
            "Total Cost": 8.44,
            "Plan Rows": 1,
            "Plan Width": 315,
            "Actual Startup Time": 0.039,
            "Actual Total Time": 0.04,
            "Actual Rows": 1,
            "Actual Loops": 1,
            "Plans": [
              {
                "Node Type": "Index Scan",
                "Parent Relationship": "Outer",
                "Parallel Aware": false,
                "Scan Direction": "Forward",
                "Index Name": "reviews_pkey",
                "Relation Name": "reviews",
                "Alias": "reviews",
                "Startup Cost": 0.42,
                "Total Cost": 8.44,
                "Plan Rows": 1,
                "Plan Width": 315,
                "Actual Startup Time": 0.037,
                "Actual Total Time": 0.037,
                "Actual Rows": 1,
                "Actual Loops": 1,
                "Index Cond": "(id = 3)",
                "Rows Removed by Index Recheck": 0
              }
            ]
          },
          "Planning Time": 0.59,
          "Triggers": [],
          "Execution Time": 0.094
        }
      ]
    }
  ],
  "Sun-Mar-06-2022-17:03:13": [
    {
      "QUERY PLAN": "Index Scan using reviews_pkey on reviews  (cost=0.42..8.44 rows=1 width=315) (actual time=0.012..0.013 rows=1 loops=1)"
    },
    {
      "QUERY PLAN": "  Index Cond: (id = 5)"
    },
    {
      "QUERY PLAN": "Planning Time: 0.501 ms"
    },
    {
      "QUERY PLAN": "Execution Time: 0.059 ms"
    }
  ],
  "Sun-Mar-06-2022-17:04:11": [
    {
      "QUERY PLAN": "Index Scan using reviews_pkey on reviews  (cost=0.42..8.44 rows=1 width=315)"
    },
    {
      "QUERY PLAN": "  Index Cond: (id = 5)"
    }
  ],
  "Sun-Mar-06-2022-17:04:26": [
    {
      "QUERY PLAN": [
        {
          "Plan": {
            "Node Type": "Index Scan",
            "Parallel Aware": false,
            "Scan Direction": "Forward",
            "Index Name": "reviews_pkey",
            "Relation Name": "reviews",
            "Alias": "reviews",
            "Startup Cost": 0.42,
            "Total Cost": 8.44,
            "Plan Rows": 1,
            "Plan Width": 315,
            "Actual Startup Time": 0.008,
            "Actual Total Time": 0.008,
            "Actual Rows": 1,
            "Actual Loops": 1,
            "Index Cond": "(id = 5)",
            "Rows Removed by Index Recheck": 0
          },
          "Planning Time": 0.404,
          "Triggers": [],
          "Execution Time": 0.043
        }
      ]
    }
  ],
  "Sun-Mar-06-2022-17:05:36": [
    {
      "QUERY PLAN": [
        {
          "Plan": {
            "Node Type": "Index Scan",
            "Parallel Aware": false,
            "Scan Direction": "Forward",
            "Index Name": "reviews_pkey",
            "Relation Name": "reviews",
            "Alias": "reviews",
            "Startup Cost": 0.42,
            "Total Cost": 8.44,
            "Plan Rows": 1,
            "Plan Width": 315,
            "Actual Startup Time": 0.007,
            "Actual Total Time": 0.008,
            "Actual Rows": 1,
            "Actual Loops": 1,
            "Index Cond": "(id = 5)",
            "Rows Removed by Index Recheck": 0
          },
          "Planning Time": 0.28,
          "Triggers": [],
          "Execution Time": 0.034
        }
      ]
    }
  ],
  "Sun-Mar-06-2022-17:07:34": [
    {
      "QUERY PLAN": [
        {
          "Plan": {
            "Node Type": "Seq Scan",
            "Parallel Aware": false,
            "Relation Name": "reviews",
            "Alias": "reviews",
            "Startup Cost": 0,
            "Total Cost": 30917.02,
            "Plan Rows": 577102,
            "Plan Width": 315,
            "Actual Startup Time": 0.353,
            "Actual Total Time": 2339.242,
            "Actual Rows": 577102,
            "Actual Loops": 1
          },
          "Planning Time": 0.411,
          "Triggers": [],
          "Execution Time": 2360.472
        }
      ]
    }
  ],
  "Sun-Mar-06-2022-17:15:49": [
    {
      "QUERY PLAN": [
        {
          "Plan": {
            "Node Type": "Index Scan",
            "Parallel Aware": false,
            "Scan Direction": "Forward",
            "Index Name": "reviews_pkey",
            "Relation Name": "reviews",
            "Alias": "reviews",
            "Startup Cost": 0.42,
            "Total Cost": 8.44,
            "Plan Rows": 1,
            "Plan Width": 315,
            "Actual Startup Time": 0.009,
            "Actual Total Time": 0.01,
            "Actual Rows": 1,
            "Actual Loops": 1,
            "Index Cond": "(id = 5)",
            "Rows Removed by Index Recheck": 0
          },
          "Planning Time": 0.543,
          "Triggers": [],
          "Execution Time": 0.054
        }
      ]
    }
  ],
  "Sun-Mar-06-2022-17:16:08": [
    {
      "QUERY PLAN": [
        {
          "Plan": {
            "Node Type": "Index Scan",
            "Parallel Aware": false,
            "Scan Direction": "Forward",
            "Index Name": "reviews_pkey",
            "Relation Name": "reviews",
            "Alias": "reviews",
            "Startup Cost": 0.42,
            "Total Cost": 8.44,
            "Plan Rows": 1,
            "Plan Width": 315,
            "Actual Startup Time": 0.008,
            "Actual Total Time": 0.009,
            "Actual Rows": 1,
            "Actual Loops": 1,
            "Index Cond": "(id = 5)",
            "Rows Removed by Index Recheck": 0
          },
          "Planning Time": 0.313,
          "Triggers": [],
          "Execution Time": 0.063
        }
      ]
    }
  ],
  "Sun-Mar-06-2022-17:16:14": [
    {
      "QUERY PLAN": [
        {
          "Plan": {
            "Node Type": "Index Scan",
            "Parallel Aware": false,
            "Scan Direction": "Forward",
            "Index Name": "reviews_pkey",
            "Relation Name": "reviews",
            "Alias": "reviews",
            "Startup Cost": 0.42,
            "Total Cost": 8.44,
            "Plan Rows": 1,
            "Plan Width": 315,
            "Actual Startup Time": 0.006,
            "Actual Total Time": 0.007,
            "Actual Rows": 1,
            "Actual Loops": 1,
            "Index Cond": "(id = 5)",
            "Rows Removed by Index Recheck": 0
          },
          "Planning Time": 0.275,
          "Triggers": [],
          "Execution Time": 0.038
        }
      ]
    }
  ],
  "Sun-Mar-06-2022-17:16:49": [
    {
      "QUERY PLAN": [
        {
          "Plan": {
            "Node Type": "Index Scan",
            "Parallel Aware": false,
            "Scan Direction": "Forward",
            "Index Name": "reviews_pkey",
            "Relation Name": "reviews",
            "Alias": "reviews",
            "Startup Cost": 0.42,
            "Total Cost": 8.44,
            "Plan Rows": 1,
            "Plan Width": 315,
            "Actual Startup Time": 0.007,
            "Actual Total Time": 0.007,
            "Actual Rows": 1,
            "Actual Loops": 1,
            "Index Cond": "(id = 5)",
            "Rows Removed by Index Recheck": 0
          },
          "Planning Time": 0.275,
          "Triggers": [],
          "Execution Time": 0.038
        }
      ]
    }
  ],
  "Sun-Mar-06-2022-17:17:19": [
    {
      "QUERY PLAN": [
        {
          "Plan": {
            "Node Type": "Index Scan",
            "Parallel Aware": false,
            "Scan Direction": "Forward",
            "Index Name": "reviews_pkey",
            "Relation Name": "reviews",
            "Alias": "reviews",
            "Startup Cost": 0.42,
            "Total Cost": 8.44,
            "Plan Rows": 1,
            "Plan Width": 315,
            "Actual Startup Time": 0.007,
            "Actual Total Time": 0.007,
            "Actual Rows": 1,
            "Actual Loops": 1,
            "Index Cond": "(id = 5)",
            "Rows Removed by Index Recheck": 0
          },
          "Planning Time": 0.286,
          "Triggers": [],
          "Execution Time": 0.038
        }
      ]
    }
  ],
  "Sun-Mar-06-2022-17:19:03": [
    {
      "QUERY PLAN": [
        {
          "Plan": {
            "Node Type": "Index Scan",
            "Parallel Aware": false,
            "Scan Direction": "Forward",
            "Index Name": "reviews_pkey",
            "Relation Name": "reviews",
            "Alias": "reviews",
            "Startup Cost": 0.42,
            "Total Cost": 8.44,
            "Plan Rows": 1,
            "Plan Width": 315,
            "Actual Startup Time": 0.016,
            "Actual Total Time": 0.017,
            "Actual Rows": 1,
            "Actual Loops": 1,
            "Index Cond": "(id = 5)",
            "Rows Removed by Index Recheck": 0
          },
          "Planning Time": 0.626,
          "Triggers": [],
          "Execution Time": 0.074
        }
      ]
    }
  ],
  "Sun-Mar-06-2022-17:23:06": [
    {
      "QUERY PLAN": [
        {
          "Plan": {
            "Node Type": "Index Scan",
            "Parallel Aware": false,
            "Scan Direction": "Forward",
            "Index Name": "reviews_pkey",
            "Relation Name": "reviews",
            "Alias": "reviews",
            "Startup Cost": 0.42,
            "Total Cost": 8.44,
            "Plan Rows": 1,
            "Plan Width": 315,
            "Actual Startup Time": 0.007,
            "Actual Total Time": 0.007,
            "Actual Rows": 1,
            "Actual Loops": 1,
            "Index Cond": "(id = 5)",
            "Rows Removed by Index Recheck": 0
          },
          "Planning Time": 0.323,
          "Triggers": [],
          "Execution Time": 0.041
        },
        {
          "Query-Used": [
            "explain (analyze, timing, format json) SELECT * FROM reviews where id = 5"
          ]
        }
      ]
    }
  ],
  "Sun-Mar-06-2022-17:30:49": [
    {
      "QUERY PLAN": [
        {
          "Plan": {
            "Node Type": "Index Scan",
            "Parallel Aware": false,
            "Scan Direction": "Forward",
            "Index Name": "reviews_pkey",
            "Relation Name": "reviews",
            "Alias": "reviews",
            "Startup Cost": 0.42,
            "Total Cost": 8.44,
            "Plan Rows": 1,
            "Plan Width": 315,
            "Actual Startup Time": 0.007,
            "Actual Total Time": 0.008,
            "Actual Rows": 1,
            "Actual Loops": 1,
            "Index Cond": "(id = 5)",
            "Rows Removed by Index Recheck": 0
          },
          "Planning Time": 0.294,
          "Triggers": [],
          "Execution Time": 0.04
        },
        {
          "QUERY USED": "explain (analyze, timing, format json) SELECT * FROM reviews where id = 5"
        }
      ]
    }
  ],
  "Sun-Mar-06-2022-17:31:14": [
    {
      "QUERY PLAN": [
        {
          "Plan": {
            "Node Type": "Index Scan",
            "Parallel Aware": false,
            "Scan Direction": "Forward",
            "Index Name": "reviews_pkey",
            "Relation Name": "reviews",
            "Alias": "reviews",
            "Startup Cost": 0.42,
            "Total Cost": 8.44,
            "Plan Rows": 1,
            "Plan Width": 315,
            "Actual Startup Time": 0.007,
            "Actual Total Time": 0.008,
            "Actual Rows": 1,
            "Actual Loops": 1,
            "Index Cond": "(id = 5)",
            "Rows Removed by Index Recheck": 0
          },
          "Planning Time": 0.309,
          "Triggers": [],
          "Execution Time": 0.041
        },
        {
          "QUERY USED": "explain (analyze, timing, format json) SELECT * FROM reviews where id = 5"
        }
      ]
    }
  ],
  "Sun-Mar-06-2022-17:33:15": [
    {
      "QUERY PLAN": [
        {
          "Plan": {
            "Node Type": "Index Scan",
            "Parallel Aware": false,
            "Scan Direction": "Forward",
            "Index Name": "reviews_pkey",
            "Relation Name": "reviews",
            "Alias": "reviews",
            "Startup Cost": 0.42,
            "Total Cost": 8.44,
            "Plan Rows": 1,
            "Plan Width": 315,
            "Actual Startup Time": 0.007,
            "Actual Total Time": 0.008,
            "Actual Rows": 1,
            "Actual Loops": 1,
            "Index Cond": "(id = 5)",
            "Rows Removed by Index Recheck": 0
          },
          "Planning Time": 0.275,
          "Triggers": [],
          "Execution Time": 0.038
        },
        {
          "QUERY USED": "explain (analyze, timing, format json) SELECT * FROM reviews where id = 5"
        }
      ]
    }
  ],
  "Sun-Mar-06-2022-17:38:23": [
    {
      "QUERY PLAN": [
        {
          "Plan": {
            "Node Type": "Index Scan",
            "Parallel Aware": false,
            "Scan Direction": "Forward",
            "Index Name": "reviews_pkey",
            "Relation Name": "reviews",
            "Alias": "reviews",
            "Startup Cost": 0.42,
            "Total Cost": 8.44,
            "Plan Rows": 1,
            "Plan Width": 315,
            "Actual Startup Time": 0.007,
            "Actual Total Time": 0.008,
            "Actual Rows": 1,
            "Actual Loops": 1,
            "Index Cond": "(id = 5)",
            "Rows Removed by Index Recheck": 0
          },
          "Planning Time": 0.31,
          "Triggers": [],
          "Execution Time": 0.04
        },
        {
          "QUERY USED": "explain (analyze, timing, format json) SELECT * FROM reviews where id = 5"
        }
      ]
    }
  ],
  "Sun-Mar-06-2022-17:40:02": [
    {
      "QUERY PLAN": [
        {
          "Plan": {
            "Node Type": "Index Scan",
            "Parallel Aware": false,
            "Scan Direction": "Forward",
            "Index Name": "reviews_pkey",
            "Relation Name": "reviews",
            "Alias": "reviews",
            "Startup Cost": 0.42,
            "Total Cost": 8.44,
            "Plan Rows": 1,
            "Plan Width": 315,
            "Actual Startup Time": 0.007,
            "Actual Total Time": 0.008,
            "Actual Rows": 1,
            "Actual Loops": 1,
            "Index Cond": "(id = 5)",
            "Rows Removed by Index Recheck": 0
          },
          "Planning Time": 0.286,
          "Triggers": [],
          "Execution Time": 0.039
        },
        {
          "QUERY USED": "explain (analyze, timing, format json) SELECT * FROM reviews where id = 5"
        }
      ]
    }
  ],
  "Sun-Mar-06-2022-17:40:23": [
    {
      "QUERY PLAN": [
        {
          "Plan": {
            "Node Type": "Index Scan",
            "Parallel Aware": false,
            "Scan Direction": "Forward",
            "Index Name": "reviews_pkey",
            "Relation Name": "reviews",
            "Alias": "reviews",
            "Startup Cost": 0.42,
            "Total Cost": 8.44,
            "Plan Rows": 1,
            "Plan Width": 315,
            "Actual Startup Time": 0.009,
            "Actual Total Time": 0.01,
            "Actual Rows": 1,
            "Actual Loops": 1,
            "Index Cond": "(id = 5)",
            "Rows Removed by Index Recheck": 0
          },
          "Planning Time": 0.346,
          "Triggers": [],
          "Execution Time": 0.047
        },
        {
          "QUERY USED": "explain (analyze, timing, format json) SELECT * FROM reviews where id = 5"
        }
      ]
    }
  ],
  "Sun-Mar-06-2022-17:41:39": [
    {
      "QUERY PLAN": [
        {
          "Plan": {
            "Node Type": "Index Scan",
            "Parallel Aware": false,
            "Scan Direction": "Forward",
            "Index Name": "reviews_pkey",
            "Relation Name": "reviews",
            "Alias": "reviews",
            "Startup Cost": 0.42,
            "Total Cost": 8.44,
            "Plan Rows": 1,
            "Plan Width": 315,
            "Actual Startup Time": 0.007,
            "Actual Total Time": 0.008,
            "Actual Rows": 1,
            "Actual Loops": 1,
            "Index Cond": "(id = 5)",
            "Rows Removed by Index Recheck": 0
          },
          "Planning Time": 0.318,
          "Triggers": [],
          "Execution Time": 0.043
        },
        {
          "QUERY USED": "explain (analyze, timing, format json) SELECT * FROM reviews where id = 5"
        }
      ]
    }
  ],
  "Sun-Mar-06-2022-17:42:06": [
    {
      "QUERY PLAN": [
        {
          "Plan": {
            "Node Type": "Index Scan",
            "Parallel Aware": false,
            "Scan Direction": "Forward",
            "Index Name": "reviews_pkey",
            "Relation Name": "reviews",
            "Alias": "reviews",
            "Startup Cost": 0.42,
            "Total Cost": 8.44,
            "Plan Rows": 1,
            "Plan Width": 315,
            "Actual Startup Time": 0.008,
            "Actual Total Time": 0.008,
            "Actual Rows": 1,
            "Actual Loops": 1,
            "Index Cond": "(id = 5)",
            "Rows Removed by Index Recheck": 0
          },
          "Planning Time": 0.285,
          "Triggers": [],
          "Execution Time": 0.042
        },
        {
          "QUERY USED": "explain (analyze, timing, format json) SELECT * FROM reviews where id = 5"
        }
      ]
    }
  ],
  "Sun-Mar-06-2022-17:43:03": [
    {
      "QUERY PLAN": [
        {
          "Plan": {
            "Node Type": "Index Scan",
            "Parallel Aware": false,
            "Scan Direction": "Forward",
            "Index Name": "reviews_pkey",
            "Relation Name": "reviews",
            "Alias": "reviews",
            "Startup Cost": 0.42,
            "Total Cost": 8.44,
            "Plan Rows": 1,
            "Plan Width": 315,
            "Actual Startup Time": 0.006,
            "Actual Total Time": 0.007,
            "Actual Rows": 1,
            "Actual Loops": 1,
            "Index Cond": "(id = 5)",
            "Rows Removed by Index Recheck": 0
          },
          "Planning Time": 0.277,
          "Triggers": [],
          "Execution Time": 0.037
        },
        {
          "QUERY USED": "explain (analyze, timing, format json) SELECT * FROM reviews where id = 5"
        }
      ]
    }
  ],
  "Sun-Mar-06-2022-17:43:32": [
    {
      "QUERY PLAN": [
        {
          "Plan": {
            "Node Type": "Index Scan",
            "Parallel Aware": false,
            "Scan Direction": "Forward",
            "Index Name": "reviews_pkey",
            "Relation Name": "reviews",
            "Alias": "reviews",
            "Startup Cost": 0.42,
            "Total Cost": 8.44,
            "Plan Rows": 1,
            "Plan Width": 315,
            "Actual Startup Time": 0.007,
            "Actual Total Time": 0.008,
            "Actual Rows": 1,
            "Actual Loops": 1,
            "Index Cond": "(id = 5)",
            "Rows Removed by Index Recheck": 0
          },
          "Planning Time": 0.301,
          "Triggers": [],
          "Execution Time": 0.042
        },
        {
          "QUERY USED": "explain (analyze, timing, format json) SELECT * FROM reviews where id = 5"
        }
      ]
    }
  ],
  "Sun-Mar-06-2022-17:43:40": [
    {
      "QUERY PLAN": [
        {
          "Plan": {
            "Node Type": "Index Scan",
            "Parallel Aware": false,
            "Scan Direction": "Forward",
            "Index Name": "reviews_pkey",
            "Relation Name": "reviews",
            "Alias": "reviews",
            "Startup Cost": 0.42,
            "Total Cost": 8.44,
            "Plan Rows": 1,
            "Plan Width": 315,
            "Actual Startup Time": 0.006,
            "Actual Total Time": 0.007,
            "Actual Rows": 1,
            "Actual Loops": 1,
            "Index Cond": "(id = 5)",
            "Rows Removed by Index Recheck": 0
          },
          "Planning Time": 0.316,
          "Triggers": [],
          "Execution Time": 0.039
        },
        {
          "QUERY USED": "explain (analyze, timing, format json) SELECT * FROM reviews where id = 5"
        }
      ]
    }
  ],
  "Sun-Mar-06-2022-17:45:08": [
    {
      "QUERY PLAN": [
        {
          "Plan": {
            "Node Type": "Index Scan",
            "Parallel Aware": false,
            "Scan Direction": "Forward",
            "Index Name": "reviews_pkey",
            "Relation Name": "reviews",
            "Alias": "reviews",
            "Startup Cost": 0.42,
            "Total Cost": 8.44,
            "Plan Rows": 1,
            "Plan Width": 315,
            "Actual Startup Time": 0.014,
            "Actual Total Time": 0.014,
            "Actual Rows": 1,
            "Actual Loops": 1,
            "Index Cond": "(id = 5)",
            "Rows Removed by Index Recheck": 0
          },
          "Planning Time": 0.583,
          "Triggers": [],
          "Execution Time": 0.069
        },
        {
          "QUERY USED": "explain (analyze, timing, format json) SELECT * FROM reviews where id = 5"
        }
      ]
    }
  ],
  "Sun-Mar-06-2022-17:45:29": [
    {
      "QUERY PLAN": [
        {
          "Plan": {
            "Node Type": "Index Scan",
            "Parallel Aware": false,
            "Scan Direction": "Forward",
            "Index Name": "reviews_pkey",
            "Relation Name": "reviews",
            "Alias": "reviews",
            "Startup Cost": 0.42,
            "Total Cost": 8.44,
            "Plan Rows": 1,
            "Plan Width": 315,
            "Actual Startup Time": 0.008,
            "Actual Total Time": 0.009,
            "Actual Rows": 1,
            "Actual Loops": 1,
            "Index Cond": "(id = 5)",
            "Rows Removed by Index Recheck": 0
          },
          "Planning Time": 0.339,
          "Triggers": [],
          "Execution Time": 0.043
        },
        {
          "QUERY USED": "explain (analyze, timing, format json) SELECT * FROM reviews where id = 5"
        }
      ]
    }
  ],
  "Sun-Mar-06-2022-17:45:53": [
    {
      "QUERY PLAN": [
        {
          "Plan": {
            "Node Type": "Index Scan",
            "Parallel Aware": false,
            "Scan Direction": "Forward",
            "Index Name": "reviews_pkey",
            "Relation Name": "reviews",
            "Alias": "reviews",
            "Startup Cost": 0.42,
            "Total Cost": 8.44,
            "Plan Rows": 1,
            "Plan Width": 315,
            "Actual Startup Time": 0.009,
            "Actual Total Time": 0.01,
            "Actual Rows": 1,
            "Actual Loops": 1,
            "Index Cond": "(id = 5)",
            "Rows Removed by Index Recheck": 0
          },
          "Planning Time": 0.348,
          "Triggers": [],
          "Execution Time": 0.061
        },
        {
          "QUERY USED": "explain (analyze, timing, format json) SELECT * FROM reviews where id = 5"
        }
      ]
    }
  ],
  "Sun-Mar-06-2022-17:46:03": [
    {
      "QUERY PLAN": [
        {
          "Plan": {
            "Node Type": "Index Scan",
            "Parallel Aware": false,
            "Scan Direction": "Forward",
            "Index Name": "reviews_pkey",
            "Relation Name": "reviews",
            "Alias": "reviews",
            "Startup Cost": 0.42,
            "Total Cost": 8.44,
            "Plan Rows": 1,
            "Plan Width": 315,
            "Actual Startup Time": 0.007,
            "Actual Total Time": 0.008,
            "Actual Rows": 1,
            "Actual Loops": 1,
            "Index Cond": "(id = 5)",
            "Rows Removed by Index Recheck": 0
          },
          "Planning Time": 0.305,
          "Triggers": [],
          "Execution Time": 0.041
        },
        {
          "QUERY USED": "explain (analyze, timing, format json) SELECT * FROM reviews where id = 5"
        }
      ]
    }
  ],
  "Sun-Mar-06-2022-17:48:55": [
    {
      "QUERY PLAN": [
        {
          "Plan": {
            "Node Type": "Index Scan",
            "Parallel Aware": false,
            "Scan Direction": "Forward",
            "Index Name": "reviews_pkey",
            "Relation Name": "reviews",
            "Alias": "reviews",
            "Startup Cost": 0.42,
            "Total Cost": 8.44,
            "Plan Rows": 1,
            "Plan Width": 315,
            "Actual Startup Time": 0.011,
            "Actual Total Time": 0.012,
            "Actual Rows": 1,
            "Actual Loops": 1,
            "Index Cond": "(id = 5)",
            "Rows Removed by Index Recheck": 0
          },
          "Planning Time": 0.492,
          "Triggers": [],
          "Execution Time": 0.065
        },
        "\n      \"Execution Time - Network Request\": \"37.54 ms\",\n      \"Execution Time - Query\": \"0.065\",\n      \"Enpoint\": \"/reviews/\",\n      \"QueryUsed\": [explain (analyze, timing, format json) SELECT * FROM reviews where id = 5]\n      "
      ]
    }
  ],
  "Sun-Mar-06-2022-17:49:51": [
    {
      "QUERY PLAN": [
        {
          "Plan": {
            "Node Type": "Index Scan",
            "Parallel Aware": false,
            "Scan Direction": "Forward",
            "Index Name": "reviews_pkey",
            "Relation Name": "reviews",
            "Alias": "reviews",
            "Startup Cost": 0.42,
            "Total Cost": 8.44,
            "Plan Rows": 1,
            "Plan Width": 315,
            "Actual Startup Time": 0.007,
            "Actual Total Time": 0.008,
            "Actual Rows": 1,
            "Actual Loops": 1,
            "Index Cond": "(id = 5)",
            "Rows Removed by Index Recheck": 0
          },
          "Planning Time": 0.28,
          "Triggers": [],
          "Execution Time": 0.038
        },
        "\"\\n      \\\"Execution Time - Network Request\\\": \\\"31.65 ms\\\",\\n      \\\"Execution Time - Query\\\": \\\"0.038\\\",\\n      \\\"Enpoint\\\": \\\"/reviews/\\\",\\n      \\\"QueryUsed\\\": [explain (analyze, timing, format json) SELECT * FROM reviews where id = 5]\\n      \""
      ]
    }
  ],
  "Sun-Mar-06-2022-17:54:47": [
    {
      "QUERY PLAN": [
        {
          "Plan": {
            "Node Type": "Index Scan",
            "Parallel Aware": false,
            "Scan Direction": "Forward",
            "Index Name": "reviews_pkey",
            "Relation Name": "reviews",
            "Alias": "reviews",
            "Startup Cost": 0.42,
            "Total Cost": 8.44,
            "Plan Rows": 1,
            "Plan Width": 315,
            "Actual Startup Time": 0.011,
            "Actual Total Time": 0.012,
            "Actual Rows": 1,
            "Actual Loops": 1,
            "Index Cond": "(id = 5)",
            "Rows Removed by Index Recheck": 0
          },
          "Planning Time": 0.527,
          "Triggers": [],
          "Execution Time": 0.06
        },
        "\n      \"Execution Time: Network Request\": \"43.04 ms\",\n      \"Execution Time: Query\": \"0.06\",\n      \"Enpoint\": \"/reviews/\",\n      \"QueryUsed\": [explain (analyze, timing, format json) SELECT * FROM reviews where id = 5]\n      "
      ]
    }
  ],
  "Sun-Mar-06-2022-17:55:03": [
    {
      "QUERY PLAN": [
        {
          "Plan": {
            "Node Type": "Index Scan",
            "Parallel Aware": false,
            "Scan Direction": "Forward",
            "Index Name": "reviews_pkey",
            "Relation Name": "reviews",
            "Alias": "reviews",
            "Startup Cost": 0.42,
            "Total Cost": 8.44,
            "Plan Rows": 1,
            "Plan Width": 315,
            "Actual Startup Time": 0.007,
            "Actual Total Time": 0.008,
            "Actual Rows": 1,
            "Actual Loops": 1,
            "Index Cond": "(id = 5)",
            "Rows Removed by Index Recheck": 0
          },
          "Planning Time": 0.31,
          "Triggers": [],
          "Execution Time": 0.042
        },
        "\n      \"Execution Time: Network Request\": \"31.75 ms\",\n      \"Execution Time: Query\": \"0.042\",\n      \"Enpoint\": \"/reviews/\",\n      \"QueryUsed\": [explain (analyze, timing, format json) SELECT * FROM reviews where id = 5]\n      "
      ]
    }
  ],
  "Sun-Mar-06-2022-17:56:10": [
    {
      "QUERY PLAN": [
        {
          "Plan": {
            "Node Type": "Index Scan",
            "Parallel Aware": false,
            "Scan Direction": "Forward",
            "Index Name": "reviews_pkey",
            "Relation Name": "reviews",
            "Alias": "reviews",
            "Startup Cost": 0.42,
            "Total Cost": 8.44,
            "Plan Rows": 1,
            "Plan Width": 315,
            "Actual Startup Time": 0.008,
            "Actual Total Time": 0.008,
            "Actual Rows": 1,
            "Actual Loops": 1,
            "Index Cond": "(id = 5)",
            "Rows Removed by Index Recheck": 0
          },
          "Planning Time": 0.299,
          "Triggers": [],
          "Execution Time": 0.039
        },
        "\n      \"Execution Time: Network Request\": \"31.02 ms\",\n      \"Execution Time: Query\": \"0.039\",\n      \"Enpoint\": \"/reviews/\",\n      \"QueryUsed\": [explain (analyze, timing, format json) SELECT * FROM reviews where id = 5]\n      "
      ]
    }
  ],
  "Sun-Mar-06-2022-17:56:21": [
    {
      "QUERY PLAN": [
        {
          "Plan": {
            "Node Type": "Index Scan",
            "Parallel Aware": false,
            "Scan Direction": "Forward",
            "Index Name": "reviews_pkey",
            "Relation Name": "reviews",
            "Alias": "reviews",
            "Startup Cost": 0.42,
            "Total Cost": 8.44,
            "Plan Rows": 1,
            "Plan Width": 315,
            "Actual Startup Time": 0.014,
            "Actual Total Time": 0.015,
            "Actual Rows": 1,
            "Actual Loops": 1,
            "Index Cond": "(id = 5)",
            "Rows Removed by Index Recheck": 0
          },
          "Planning Time": 0.383,
          "Triggers": [],
          "Execution Time": 0.088,
          "Execution Time: Network Request": "testing a bug num, ignore this data"
        },
        "\n      \"Execution Time: Network Request\": \"39.04 ms\",\n      \"Execution Time: Query\": \"0.088\",\n      \"Enpoint\": \"/reviews/\",\n      \"QueryUsed\": [explain (analyze, timing, format json) SELECT * FROM reviews where id = 5]\n      "
      ]
    }
  ],
  "Sun-Mar-06-2022-17:58:32": [
    {
      "QUERY PLAN": [
        {
          "Plan": {
            "Node Type": "Index Scan",
            "Parallel Aware": false,
            "Scan Direction": "Forward",
            "Index Name": "reviews_pkey",
            "Relation Name": "reviews",
            "Alias": "reviews",
            "Startup Cost": 0.42,
            "Total Cost": 8.44,
            "Plan Rows": 1,
            "Plan Width": 315,
            "Actual Startup Time": 0.007,
            "Actual Total Time": 0.007,
            "Actual Rows": 1,
            "Actual Loops": 1,
            "Index Cond": "(id = 5)",
            "Rows Removed by Index Recheck": 0
          },
          "Planning Time": 0.271,
          "Triggers": [],
          "Execution Time": 0.038
        },
        "\n      \"Execution Time: Network Request\": \"31.46 ms\",\n      \"Execution Time: Query\": \"0.038\",\n      \"Enpoint\": \"/reviews/\",\n      \"QueryUsed\": [explain (analyze, timing, format json) SELECT * FROM reviews where id = 5]\n      "
      ]
    }
  ],
  "Sun-Mar-06-2022-18:02:42": [
    {
      "QUERY PLAN": [
        {
          "Plan": {
            "Node Type": "Index Scan",
            "Parallel Aware": false,
            "Scan Direction": "Forward",
            "Index Name": "reviews_pkey",
            "Relation Name": "reviews",
            "Alias": "reviews",
            "Startup Cost": 0.42,
            "Total Cost": 8.44,
            "Plan Rows": 1,
            "Plan Width": 315,
            "Actual Startup Time": 0.008,
            "Actual Total Time": 0.008,
            "Actual Rows": 1,
            "Actual Loops": 1,
            "Index Cond": "(id = 5)",
            "Rows Removed by Index Recheck": 0
          },
          "Planning Time": 0.295,
          "Triggers": [],
          "Execution Time": 0.039
        }
      ]
    }
  ],
  "Sun-Mar-06-2022-18:03:11": [
    {
      "QUERY PLAN": [
        {
          "Plan": {
            "Node Type": "Index Scan",
            "Parallel Aware": false,
            "Scan Direction": "Forward",
            "Index Name": "reviews_pkey",
            "Relation Name": "reviews",
            "Alias": "reviews",
            "Startup Cost": 0.42,
            "Total Cost": 8.44,
            "Plan Rows": 1,
            "Plan Width": 315,
            "Actual Startup Time": 0.01,
            "Actual Total Time": 0.01,
            "Actual Rows": 1,
            "Actual Loops": 1,
            "Index Cond": "(id = 5)",
            "Rows Removed by Index Recheck": 0
          },
          "Planning Time": 0.457,
          "Triggers": [],
          "Execution Time": 0.056
        },
        {
          "Execution Time: Network Request": "34.4 ms",
          "Execution Time: Query": "0.056",
          "Enpoint": "/reviews/",
          "QueryUsed": "explain (analyze, timing, format json) SELECT * FROM reviews where id = 5"
        }
      ]
    }
  ],
  "Sun-Mar-06-2022-18:04:59": [
    {
      "QUERY PLAN": [
        {
          "Plan": {
            "Node Type": "Index Scan",
            "Parallel Aware": false,
            "Scan Direction": "Forward",
            "Index Name": "reviews_pkey",
            "Relation Name": "reviews",
            "Alias": "reviews",
            "Startup Cost": 0.42,
            "Total Cost": 8.44,
            "Plan Rows": 1,
            "Plan Width": 315,
            "Actual Startup Time": 0.007,
            "Actual Total Time": 0.007,
            "Actual Rows": 1,
            "Actual Loops": 1,
            "Index Cond": "(id = 5)",
            "Rows Removed by Index Recheck": 0
          },
          "Planning Time": 0.3,
          "Triggers": [],
          "Execution Time": 0.04
        },
        {
          "Execution Time: Network Request": "31.16 ms",
          "Execution Time: Query": "0.04",
          "Net.Req. Method": "GET",
          "Enpoint": "/reviews/",
          "QueryUsed": "explain (analyze, timing, format json) SELECT * FROM reviews where id = 5"
        }
      ]
    }
  ],
  "Sun-Mar-06-2022-18:07:04": [
    {
      "QUERY PLAN": [
        {
          "Plan": {
            "Node Type": "Index Scan",
            "Parallel Aware": false,
            "Scan Direction": "Forward",
            "Index Name": "reviews_pkey",
            "Relation Name": "reviews",
            "Alias": "reviews",
            "Startup Cost": 0.42,
            "Total Cost": 8.44,
            "Plan Rows": 1,
            "Plan Width": 315,
            "Actual Startup Time": 0.011,
            "Actual Total Time": 0.012,
            "Actual Rows": 1,
            "Actual Loops": 1,
            "Index Cond": "(id = 5)",
            "Rows Removed by Index Recheck": 0
          },
          "Planning Time": 0.298,
          "Triggers": [],
          "Execution Time": 0.069
        },
        {
          "Execution Time: Network Request": "32.86 ms",
          "Execution Time: Query": "0.069",
          "Net.Req. Method": "GET",
          "Enpoint": "/reviews/",
          "QueryUsed": "explain (analyze, timing, format json) SELECT * FROM reviews where id = 5"
        }
      ]
    }
  ],
  "Sun-Mar-06-2022-18:07:16": [
    {
      "QUERY PLAN": [
        {
          "Plan": {
            "Node Type": "Index Scan",
            "Parallel Aware": false,
            "Scan Direction": "Forward",
            "Index Name": "reviews_pkey",
            "Relation Name": "reviews",
            "Alias": "reviews",
            "Startup Cost": 0.42,
            "Total Cost": 8.44,
            "Plan Rows": 1,
            "Plan Width": 315,
            "Actual Startup Time": 0.007,
            "Actual Total Time": 0.008,
            "Actual Rows": 1,
            "Actual Loops": 1,
            "Index Cond": "(id = 5)",
            "Rows Removed by Index Recheck": 0
          },
          "Planning Time": 0.274,
          "Triggers": [],
          "Execution Time": 0.039
        },
        {
          "Execution Time: Network Request": "33.48 ms",
          "Execution Time: Query": "0.039",
          "Net.Req. Method": "GET",
          "Enpoint": "/reviews/",
          "QueryUsed": "explain (analyze, timing, format json) SELECT * FROM reviews where id = 5"
        }
      ]
    }
  ],
  "Sun-Mar-06-2022-18:10:16": [
    {
      "QUERY PLAN": [
        {
          "Plan": {
            "Node Type": "Index Scan",
            "Parallel Aware": false,
            "Scan Direction": "Forward",
            "Index Name": "reviews_pkey",
            "Relation Name": "reviews",
            "Alias": "reviews",
            "Startup Cost": 0.42,
            "Total Cost": 8.44,
            "Plan Rows": 1,
            "Plan Width": 315,
            "Actual Startup Time": 0.006,
            "Actual Total Time": 0.007,
            "Actual Rows": 1,
            "Actual Loops": 1,
            "Index Cond": "(id = 5)",
            "Rows Removed by Index Recheck": 0
          },
          "Planning Time": 0.276,
          "Triggers": [],
          "Execution Time": 0.038
        },
        {
          "Execution Time: Network Request": "33.67 ms",
          "Execution Time: Query": "0.038",
          "Net.Req. Method": "GET",
          "Enpoint": "/reviews/",
          "QueryUsed": "explain (analyze, timing, format json) SELECT * FROM reviews where id = 5"
        }
      ]
    }
  ],
  "Sun-Mar-06-2022-18:11:01": [
    {
      "QUERY PLAN": [
        {
          "Plan": {
            "Node Type": "Index Scan",
            "Parallel Aware": false,
            "Scan Direction": "Forward",
            "Index Name": "reviews_pkey",
            "Relation Name": "reviews",
            "Alias": "reviews",
            "Startup Cost": 0.42,
            "Total Cost": 8.44,
            "Plan Rows": 1,
            "Plan Width": 315,
            "Actual Startup Time": 0.007,
            "Actual Total Time": 0.008,
            "Actual Rows": 1,
            "Actual Loops": 1,
            "Index Cond": "(id = 5)",
            "Rows Removed by Index Recheck": 0
          },
          "Planning Time": 0.294,
          "Triggers": [],
          "Execution Time": 0.04
        },
        {
          "Execution Time: Network Request": 31.2,
          "Execution Time: Query": 0.04,
          "Net.Req. Method": "GET",
          "Enpoint": "/reviews/",
          "QueryUsed": "explain (analyze, timing, format json) SELECT * FROM reviews where id = 5"
        }
      ]
    }
  ],
  "Sun-Mar-06-2022-19:06:52": [
    {
      "QUERY PLAN": [
        {
          "Plan": {
            "Node Type": "Index Scan",
            "Parallel Aware": false,
            "Scan Direction": "Forward",
            "Index Name": "reviews_pkey",
            "Relation Name": "reviews",
            "Alias": "reviews",
            "Startup Cost": 0.42,
            "Total Cost": 8.44,
            "Plan Rows": 1,
            "Plan Width": 315,
            "Actual Startup Time": 0.241,
            "Actual Total Time": 0.242,
            "Actual Rows": 1,
            "Actual Loops": 1,
            "Index Cond": "(id = 5)",
            "Rows Removed by Index Recheck": 0
          },
          "Planning Time": 5.353,
          "Triggers": [],
          "Execution Time": 0.832
        },
        {
          "Execution Time: Network Request": 205.77,
          "Execution Time: Query": 0.832,
          "Net.Req. Method": "GET",
          "Enpoint": "/reviews/",
          "Query": "explain (analyze, timing, format json) SELECT * FROM reviews where id = 5"
        }
      ]
    }
  ],
  "Sun-Mar-06-2022-20:21:10": [
    {
      "QUERY PLAN": [
        {
          "Plan": {
            "Node Type": "Index Scan",
            "Parallel Aware": false,
            "Scan Direction": "Forward",
            "Index Name": "reviews_pkey",
            "Relation Name": "reviews",
            "Alias": "reviews",
            "Startup Cost": 0.42,
            "Total Cost": 8.44,
            "Plan Rows": 1,
            "Plan Width": 315,
            "Actual Startup Time": 0.012,
            "Actual Total Time": 0.013,
            "Actual Rows": 1,
            "Actual Loops": 1,
            "Index Cond": "(id = 5)",
            "Rows Removed by Index Recheck": 0
          },
          "Planning Time": 0.376,
          "Triggers": [],
          "Execution Time": 0.118
        },
        {
          "Execution Time: Network Request": 31.79,
          "Execution Time: Query": 0.118,
          "Net.Req. Method": "GET",
          "Enpoint": "/reviews/",
          "Query": "explain (analyze, timing, format json) SELECT * FROM reviews where id = 5"
        }
      ]
    }
  ],
  "Sun-Mar-06-2022-20:21:43": [
    {
      "QUERY PLAN": [
        {
          "Plan": {
            "Node Type": "Index Scan",
            "Parallel Aware": false,
            "Scan Direction": "Forward",
            "Index Name": "reviews_pkey",
            "Relation Name": "reviews",
            "Alias": "reviews",
            "Startup Cost": 0.42,
            "Total Cost": 8.44,
            "Plan Rows": 1,
            "Plan Width": 315,
            "Actual Startup Time": 0.009,
            "Actual Total Time": 0.01,
            "Actual Rows": 1,
            "Actual Loops": 1,
            "Index Cond": "(id = 5)",
            "Rows Removed by Index Recheck": 0
          },
          "Planning Time": 0.058,
          "Triggers": [],
          "Execution Time": 0.022
        },
        {
          "Execution Time: Network Request": 17.34,
          "Execution Time: Query": 0.022,
          "Net.Req. Method": "GET",
          "Enpoint": "/reviews/",
          "Query": "explain (analyze, timing, format json) SELECT * FROM reviews where id = 5"
        }
      ]
    }
  ],
  "Sun-Mar-06-2022-20:21:51": [
    {
      "QUERY PLAN": [
        {
          "Plan": {
            "Node Type": "Index Scan",
            "Parallel Aware": false,
            "Scan Direction": "Forward",
            "Index Name": "reviews_pkey",
            "Relation Name": "reviews",
            "Alias": "reviews",
            "Startup Cost": 0.42,
            "Total Cost": 8.44,
            "Plan Rows": 1,
            "Plan Width": 315,
            "Actual Startup Time": 0.012,
            "Actual Total Time": 0.013,
            "Actual Rows": 1,
            "Actual Loops": 1,
            "Index Cond": "(id = 5)",
            "Rows Removed by Index Recheck": 0
          },
          "Planning Time": 0.514,
          "Triggers": [],
          "Execution Time": 0.067
        },
        {
          "Execution Time: Network Request": 38.75,
          "Execution Time: Query": 0.067,
          "Net.Req. Method": "GET",
          "Enpoint": "/reviews/",
          "Query": "explain (analyze, timing, format json) SELECT * FROM reviews where id = 5"
        }
      ]
    }
  ],
  "Mon-Mar-07-2022-11:20:27": [
    {
      "QUERY PLAN": [
        {
          "Plan": {
            "Node Type": "Index Scan",
            "Parallel Aware": false,
            "Scan Direction": "Forward",
            "Index Name": "reviews_pkey",
            "Relation Name": "reviews",
            "Alias": "reviews",
            "Startup Cost": 0.42,
            "Total Cost": 8.44,
            "Plan Rows": 1,
            "Plan Width": 315,
            "Actual Startup Time": 0.012,
            "Actual Total Time": 0.03,
            "Actual Rows": 1,
            "Actual Loops": 1,
            "Index Cond": "(id = 5)",
            "Rows Removed by Index Recheck": 0
          },
          "Planning Time": 0.295,
          "Triggers": [],
          "Execution Time": 0.099
        },
        {
          "Execution Time: Network Request": 37.89,
          "Execution Time: Query": 0.099,
          "Net.Req. Method": "GET",
          "Enpoint": "/reviews/",
          "Query": "explain (analyze, timing, format json) SELECT * FROM reviews where id = 5"
        }
      ]
    }
  ],
  "Mon-Mar-07-2022-11:28:41": [
    {
      "QUERY PLAN": [
        {
          "Plan": {
            "Node Type": "Index Scan",
            "Parallel Aware": false,
            "Scan Direction": "Forward",
            "Index Name": "reviews_pkey",
            "Relation Name": "reviews",
            "Alias": "reviews",
            "Startup Cost": 0.42,
            "Total Cost": 8.44,
            "Plan Rows": 1,
            "Plan Width": 315,
            "Actual Startup Time": 0.008,
            "Actual Total Time": 0.009,
            "Actual Rows": 1,
            "Actual Loops": 1,
            "Index Cond": "(id = 5)",
            "Rows Removed by Index Recheck": 0
          },
          "Planning Time": 0.74,
          "Triggers": [],
          "Execution Time": 0.048
        },
        {
          "Execution Time: Network Request": 35.62,
          "Execution Time: Query": 0.048,
          "Net.Req. Method": "GET",
          "Enpoint": "/reviews/",
          "Query": "explain (analyze, timing, format json) SELECT * FROM reviews where id = 5"
        }
      ]
    }
  ]
}